2019-05-14 00:44:01,960:INFO: Loading the datasets...
2019-05-14 00:48:54,800:INFO: NLL: tensor([-3.0319, -1.4456, -0.4684,  0.2120,  0.7318,  1.1397,  1.4736,  1.7564,
         2.0033,  2.2231,  2.4215,  2.6030,  2.7717,  2.9287,  3.0761,  3.2152,
         3.3474,  3.4728,  3.5926,  3.7077,  3.8186,  3.9255,  4.0289,  4.1295,
         4.2275], device='cuda:0')
2019-05-14 00:55:46,300:INFO: Loading the datasets...
2019-05-14 01:02:14,079:INFO: RMSE: tensor([0.1130, 0.2195, 0.3317, 0.4546, 0.5816, 0.7119, 0.8446, 0.9818, 1.1232,
        1.2693, 1.4220, 1.5830, 1.7526, 1.9300, 2.1163, 2.3116, 2.5163, 2.7309,
        2.9547, 3.1899, 3.4356, 3.6915, 3.9553, 4.2290, 4.5137],
       device='cuda:0')
2019-06-04 18:00:16,442:INFO: Loading the datasets...
2019-06-04 18:07:40,208:INFO: RMSE: tensor([0.0575, 0.1393, 0.2430, 0.3568, 0.4779, 0.6031, 0.7315, 0.8625, 0.9989,
        1.1401, 1.2867, 1.4403, 1.6010, 1.7694, 1.9466, 2.1323, 2.3260, 2.5286,
        2.7408, 2.9616, 3.1926, 3.4358, 3.6911, 3.9582, 4.2363],
       device='cuda:0')
2019-06-04 18:23:51,600:INFO: Loading the datasets...
2019-06-04 18:30:44,997:INFO: NLL: tensor([-4.3657, -2.2032, -0.9477, -0.1182,  0.4779,  0.9375,  1.3083,  1.6158,
         1.8804,  2.1129,  2.3217,  2.5120,  2.6866,  2.8485,  3.0004,  3.1437,
         3.2790,  3.4073,  3.5300,  3.6478,  3.7614,  3.8712,  3.9776,  4.0803,
         4.1798], device='cuda:0')
2019-06-04 20:46:16,883:INFO: Loading the datasets...
2019-06-04 20:53:53,036:INFO: RMSE: tensor([0.0561, 0.1334, 0.2338, 0.3464, 0.4679, 0.5930, 0.7209, 0.8527, 0.9898,
        1.1300, 1.2759, 1.4280, 1.5889, 1.7586, 1.9366, 2.1244, 2.3218, 2.5296,
        2.7475, 2.9747, 3.2106, 3.4555, 3.7120, 3.9789, 4.2570],
       device='cuda:0')
2019-06-04 20:55:29,032:INFO: Loading the datasets...
2019-06-04 21:02:23,249:INFO: NLL: tensor([-4.7437, -2.4747, -1.1244, -0.2650,  0.3496,  0.8235,  1.2061,  1.5243,
         1.7983,  2.0377,  2.2526,  2.4476,  2.6272,  2.7942,  2.9496,  3.0972,
         3.2370,  3.3695,  3.4962,  3.6171,  3.7327,  3.8440,  3.9513,  4.0554,
         4.1562], device='cuda:0')
