2019-06-07 20:57:17,061:INFO: Loading the datasets...
2019-06-07 20:58:28,760:INFO: Loading the datasets...
2019-06-07 20:58:40,640:INFO: Loading the datasets...
2019-06-07 21:06:49,847:INFO: RMSE: tensor([0.0516, 0.1146, 0.2070, 0.3131, 0.4282, 0.5481, 0.6729, 0.8010, 0.9332,
        1.0701, 1.2137, 1.3639, 1.5208, 1.6854, 1.8579, 2.0396, 2.2312, 2.4332,
        2.6437, 2.8638, 3.0944, 3.3352, 3.5873, 3.8500, 4.1228],
       device='cuda:0')
2019-06-07 22:34:56,849:INFO: Loading the datasets...
2019-06-07 22:42:26,690:INFO: NLL: tensor([-5.3589, -3.0908, -1.6396, -0.6088,  0.1298,  0.6706,  1.0940,  1.4404,
         1.7328,  1.9861,  2.2118,  2.4146,  2.5987,  2.7679,  2.9251,  3.0727,
         3.2120,  3.3443,  3.4696,  3.5893,  3.7051,  3.8169,  3.9245,  4.0286,
         4.1295], device='cuda:0')
2019-06-08 01:54:57,160:INFO: Loading the datasets...
2019-06-08 01:55:19,149:INFO: Loading the datasets...
2019-06-08 01:55:40,705:INFO: Loading the datasets...
2019-06-08 01:56:15,587:INFO: Loading the datasets...
2019-06-08 02:04:44,922:INFO: RMSE: tensor([0.0507, 0.1130, 0.2052, 0.3109, 0.4258, 0.5471, 0.6720, 0.8001, 0.9322,
        1.0704, 1.2144, 1.3648, 1.5228, 1.6890, 1.8635, 2.0459, 2.2375, 2.4396,
        2.6513, 2.8708, 3.0981, 3.3356, 3.5846, 3.8458, 4.1197],
       device='cuda:0')
2019-06-08 02:30:43,687:INFO: Loading the datasets...
2019-06-08 02:38:22,843:INFO: NLL: tensor([-5.2973, -2.9584, -1.5345, -0.5336,  0.1790,  0.7100,  1.1294,  1.4740,
         1.7635,  2.0145,  2.2367,  2.4369,  2.6200,  2.7893,  2.9464,  3.0935,
         3.2323,  3.3645,  3.4906,  3.6108,  3.7261,  3.8373,  3.9448,  4.0490,
         4.1502], device='cuda:0')
2019-06-08 07:32:55,319:INFO: Loading the datasets...
2019-06-08 07:41:59,902:INFO: RMSE: tensor([0.0512, 0.1157, 0.2079, 0.3155, 0.4321, 0.5538, 0.6797, 0.8093, 0.9441,
        1.0832, 1.2270, 1.3778, 1.5361, 1.7026, 1.8779, 2.0618, 2.2538, 2.4564,
        2.6684, 2.8903, 3.1216, 3.3624, 3.6144, 3.8775, 4.1527],
       device='cuda:0')
2019-06-08 10:29:42,972:INFO: Loading the datasets...
2019-06-08 10:38:02,448:INFO: NLL: tensor([-5.0415, -2.9644, -1.5418, -0.5383,  0.1779,  0.7087,  1.1254,  1.4667,
         1.7551,  2.0051,  2.2264,  2.4259,  2.6078,  2.7756,  2.9318,  3.0787,
         3.2175,  3.3498,  3.4759,  3.5968,  3.7128,  3.8244,  3.9322,  4.0365,
         4.1380], device='cuda:0')
2019-06-08 13:20:49,826:INFO: Loading the datasets...
2019-06-08 13:29:20,178:INFO: RMSE: tensor([0.0504, 0.1140, 0.2051, 0.3090, 0.4223, 0.5426, 0.6676, 0.7963, 0.9291,
        1.0680, 1.2118, 1.3611, 1.5185, 1.6836, 1.8573, 2.0406, 2.2330, 2.4350,
        2.6461, 2.8657, 3.0950, 3.3345, 3.5848, 3.8457, 4.1166],
       device='cuda:0')
2019-06-08 13:46:53,391:INFO: Loading the datasets...
2019-06-08 13:54:53,199:INFO: NLL: tensor([-5.2256, -2.9954, -1.5525, -0.5465,  0.1580,  0.6789,  1.0919,  1.4324,
         1.7230,  1.9769,  2.2027,  2.4061,  2.5926,  2.7646,  2.9252,  3.0765,
         3.2196,  3.3550,  3.4840,  3.6076,  3.7265,  3.8414,  3.9522,  4.0596,
         4.1637], device='cuda:0')
2019-06-08 16:31:07,490:INFO: Loading the datasets...
2019-06-08 16:39:44,935:INFO: RMSE: tensor([0.0500, 0.1139, 0.2053, 0.3084, 0.4220, 0.5416, 0.6661, 0.7934, 0.9251,
        1.0618, 1.2046, 1.3531, 1.5092, 1.6738, 1.8471, 2.0298, 2.2214, 2.4224,
        2.6335, 2.8539, 3.0837, 3.3234, 3.5736, 3.8352, 4.1078],
       device='cuda:0')
2019-06-08 16:41:15,980:INFO: Loading the datasets...
2019-06-08 16:49:12,178:INFO: NLL: tensor([-5.5344, -3.1703, -1.6669, -0.6354,  0.0776,  0.6102,  1.0319,  1.3790,
         1.6738,  1.9300,  2.1578,  2.3625,  2.5497,  2.7225,  2.8828,  3.0339,
         3.1763,  3.3111,  3.4397,  3.5626,  3.6800,  3.7926,  3.9014,  4.0069,
         4.1095], device='cuda:0')
