2019-06-03 19:02:11,774:INFO: Epoch 1/2
2019-06-03 19:02:11,774:INFO: Training with NLL loss
2019-06-03 19:03:02,001:INFO: Epoch no: 1 | Epoch progress(%): 1.71 | Avg train loss: 8265.9965 | Acc: 91.8408 83.3662 | Validation loss prev epoch inf | ETA(s): 2645
2019-06-03 19:03:48,381:INFO: Epoch no: 1 | Epoch progress(%): 3.44 | Avg train loss: 5.2842 | Acc: 95.5566 85.5254 | Validation loss prev epoch inf | ETA(s): 2557
2019-06-03 19:04:34,458:INFO: Epoch no: 1 | Epoch progress(%): 5.17 | Avg train loss: 4.7954 | Acc: 96.2305 87.2617 | Validation loss prev epoch inf | ETA(s): 2494
2019-06-03 19:05:21,149:INFO: Epoch no: 1 | Epoch progress(%): 6.90 | Avg train loss: 4.4974 | Acc: 96.7578 87.4512 | Validation loss prev epoch inf | ETA(s): 2480
2019-06-03 19:06:07,684:INFO: Epoch no: 1 | Epoch progress(%): 8.63 | Avg train loss: 4.2831 | Acc: 96.8799 87.8926 | Validation loss prev epoch inf | ETA(s): 2427
2019-06-03 19:06:53,987:INFO: Epoch no: 1 | Epoch progress(%): 10.36 | Avg train loss: 4.1390 | Acc: 97.0098 88.0908 | Validation loss prev epoch inf | ETA(s): 2369
2019-06-03 19:07:40,379:INFO: Epoch no: 1 | Epoch progress(%): 12.08 | Avg train loss: 4.0099 | Acc: 97.0859 88.0947 | Validation loss prev epoch inf | ETA(s): 2328
2019-06-03 19:08:26,494:INFO: Epoch no: 1 | Epoch progress(%): 13.81 | Avg train loss: 3.8954 | Acc: 97.2812 88.2383 | Validation loss prev epoch inf | ETA(s): 2269
2019-06-03 19:09:12,886:INFO: Epoch no: 1 | Epoch progress(%): 15.54 | Avg train loss: 3.7993 | Acc: 97.2158 88.5098 | Validation loss prev epoch inf | ETA(s): 2237
2019-06-03 19:09:59,694:INFO: Epoch no: 1 | Epoch progress(%): 17.27 | Avg train loss: 3.7458 | Acc: 97.2588 88.4170 | Validation loss prev epoch inf | ETA(s): 2211
2019-06-03 19:10:46,120:INFO: Epoch no: 1 | Epoch progress(%): 19.00 | Avg train loss: 3.7093 | Acc: 97.3555 88.6865 | Validation loss prev epoch inf | ETA(s): 2146
2019-06-03 19:11:32,733:INFO: Epoch no: 1 | Epoch progress(%): 20.73 | Avg train loss: 3.6315 | Acc: 97.4727 88.9209 | Validation loss prev epoch inf | ETA(s): 2110
2019-06-03 19:12:19,045:INFO: Epoch no: 1 | Epoch progress(%): 22.46 | Avg train loss: 3.5701 | Acc: 97.4844 88.9756 | Validation loss prev epoch inf | ETA(s): 2049
2019-06-03 19:13:05,097:INFO: Epoch no: 1 | Epoch progress(%): 24.19 | Avg train loss: 3.5684 | Acc: 97.4170 88.9512 | Validation loss prev epoch inf | ETA(s): 1992
2019-06-03 19:13:51,524:INFO: Epoch no: 1 | Epoch progress(%): 25.92 | Avg train loss: 3.5001 | Acc: 97.4199 89.2490 | Validation loss prev epoch inf | ETA(s): 1962
2019-06-03 19:14:38,160:INFO: Epoch no: 1 | Epoch progress(%): 27.64 | Avg train loss: 3.4899 | Acc: 97.4512 88.9609 | Validation loss prev epoch inf | ETA(s): 1925
2019-06-03 19:15:25,064:INFO: Epoch no: 1 | Epoch progress(%): 29.37 | Avg train loss: 3.4654 | Acc: 97.4600 89.4082 | Validation loss prev epoch inf | ETA(s): 1891
2019-06-03 19:16:11,627:INFO: Epoch no: 1 | Epoch progress(%): 31.10 | Avg train loss: 3.4206 | Acc: 97.4170 89.2305 | Validation loss prev epoch inf | ETA(s): 1831
2019-06-03 19:16:57,894:INFO: Epoch no: 1 | Epoch progress(%): 32.83 | Avg train loss: 3.3705 | Acc: 97.4795 89.5117 | Validation loss prev epoch inf | ETA(s): 1774
2019-06-03 19:17:44,244:INFO: Epoch no: 1 | Epoch progress(%): 34.56 | Avg train loss: 3.3794 | Acc: 97.5186 89.5127 | Validation loss prev epoch inf | ETA(s): 1731
2019-06-03 19:18:30,501:INFO: Epoch no: 1 | Epoch progress(%): 36.29 | Avg train loss: 3.3530 | Acc: 97.5098 89.3457 | Validation loss prev epoch inf | ETA(s): 1682
2019-06-03 19:19:16,942:INFO: Epoch no: 1 | Epoch progress(%): 38.02 | Avg train loss: 3.3359 | Acc: 97.4316 89.5527 | Validation loss prev epoch inf | ETA(s): 1643
2019-06-03 19:20:03,413:INFO: Epoch no: 1 | Epoch progress(%): 39.75 | Avg train loss: 3.3053 | Acc: 97.5332 89.6504 | Validation loss prev epoch inf | ETA(s): 1598
2019-06-03 19:20:50,243:INFO: Epoch no: 1 | Epoch progress(%): 41.48 | Avg train loss: 3.3155 | Acc: 97.5029 89.6182 | Validation loss prev epoch inf | ETA(s): 1564
2019-06-03 19:21:36,706:INFO: Epoch no: 1 | Epoch progress(%): 43.21 | Avg train loss: 3.2932 | Acc: 97.4932 89.6562 | Validation loss prev epoch inf | ETA(s): 1506
2019-06-03 19:22:22,930:INFO: Epoch no: 1 | Epoch progress(%): 44.93 | Avg train loss: 3.2921 | Acc: 97.6084 89.7627 | Validation loss prev epoch inf | ETA(s): 1453
2019-06-03 19:23:09,309:INFO: Epoch no: 1 | Epoch progress(%): 46.66 | Avg train loss: 3.2779 | Acc: 97.5039 89.9072 | Validation loss prev epoch inf | ETA(s): 1411
2019-06-03 19:23:55,460:INFO: Epoch no: 1 | Epoch progress(%): 48.39 | Avg train loss: 3.2353 | Acc: 97.5342 89.6758 | Validation loss prev epoch inf | ETA(s): 1359
2019-06-03 19:24:42,286:INFO: Epoch no: 1 | Epoch progress(%): 50.12 | Avg train loss: 3.2319 | Acc: 97.6035 89.7627 | Validation loss prev epoch inf | ETA(s): 1333
2019-06-03 19:25:29,018:INFO: Epoch no: 1 | Epoch progress(%): 51.85 | Avg train loss: 3.2389 | Acc: 97.6318 89.8760 | Validation loss prev epoch inf | ETA(s): 1284
2019-06-03 19:26:14,975:INFO: Epoch no: 1 | Epoch progress(%): 53.58 | Avg train loss: 3.2556 | Acc: 97.6123 89.7959 | Validation loss prev epoch inf | ETA(s): 1217
2019-06-03 19:27:01,359:INFO: Epoch no: 1 | Epoch progress(%): 55.31 | Avg train loss: 3.2056 | Acc: 97.5996 90.0762 | Validation loss prev epoch inf | ETA(s): 1183
2019-06-03 19:27:47,951:INFO: Epoch no: 1 | Epoch progress(%): 57.04 | Avg train loss: 3.2304 | Acc: 97.5684 89.9062 | Validation loss prev epoch inf | ETA(s): 1142
2019-06-03 19:28:34,616:INFO: Epoch no: 1 | Epoch progress(%): 58.77 | Avg train loss: 3.2131 | Acc: 97.5596 89.9023 | Validation loss prev epoch inf | ETA(s): 1098
2019-06-03 19:29:21,500:INFO: Epoch no: 1 | Epoch progress(%): 60.49 | Avg train loss: 3.2623 | Acc: 97.5537 89.6660 | Validation loss prev epoch inf | ETA(s): 1057
2019-06-03 19:30:07,977:INFO: Epoch no: 1 | Epoch progress(%): 62.22 | Avg train loss: 3.1878 | Acc: 97.6221 89.9824 | Validation loss prev epoch inf | ETA(s): 1002
2019-06-03 19:30:54,246:INFO: Epoch no: 1 | Epoch progress(%): 63.95 | Avg train loss: 3.1864 | Acc: 97.5869 89.9170 | Validation loss prev epoch inf | ETA(s): 952
2019-06-03 19:31:40,953:INFO: Epoch no: 1 | Epoch progress(%): 65.68 | Avg train loss: 3.1963 | Acc: 97.5908 89.9600 | Validation loss prev epoch inf | ETA(s): 914
2019-06-03 19:32:27,238:INFO: Epoch no: 1 | Epoch progress(%): 67.41 | Avg train loss: 3.1614 | Acc: 97.6064 90.0303 | Validation loss prev epoch inf | ETA(s): 861
2019-06-03 19:33:13,267:INFO: Epoch no: 1 | Epoch progress(%): 69.14 | Avg train loss: 3.1606 | Acc: 97.5635 89.9717 | Validation loss prev epoch inf | ETA(s): 810
2019-06-03 19:33:59,664:INFO: Epoch no: 1 | Epoch progress(%): 70.87 | Avg train loss: 3.1883 | Acc: 97.5488 90.1406 | Validation loss prev epoch inf | ETA(s): 771
2019-06-03 19:34:45,658:INFO: Epoch no: 1 | Epoch progress(%): 72.60 | Avg train loss: 3.1681 | Acc: 97.6191 90.0127 | Validation loss prev epoch inf | ETA(s): 719
2019-06-03 19:35:32,596:INFO: Epoch no: 1 | Epoch progress(%): 74.33 | Avg train loss: 3.1660 | Acc: 97.6514 90.0127 | Validation loss prev epoch inf | ETA(s): 687
2019-06-03 19:36:18,993:INFO: Epoch no: 1 | Epoch progress(%): 76.05 | Avg train loss: 3.1631 | Acc: 97.6064 90.1064 | Validation loss prev epoch inf | ETA(s): 634
2019-06-03 19:37:05,429:INFO: Epoch no: 1 | Epoch progress(%): 77.78 | Avg train loss: 3.1428 | Acc: 97.6260 90.0830 | Validation loss prev epoch inf | ETA(s): 589
2019-06-03 19:37:51,977:INFO: Epoch no: 1 | Epoch progress(%): 79.51 | Avg train loss: 3.1233 | Acc: 97.6426 90.1113 | Validation loss prev epoch inf | ETA(s): 544
2019-06-03 19:38:38,711:INFO: Epoch no: 1 | Epoch progress(%): 81.24 | Avg train loss: 3.1701 | Acc: 97.6006 90.1221 | Validation loss prev epoch inf | ETA(s): 500
2019-06-03 19:39:25,476:INFO: Epoch no: 1 | Epoch progress(%): 82.97 | Avg train loss: 3.1111 | Acc: 97.6240 90.3154 | Validation loss prev epoch inf | ETA(s): 454
2019-06-03 19:40:12,145:INFO: Epoch no: 1 | Epoch progress(%): 84.70 | Avg train loss: 3.1268 | Acc: 97.5410 89.8965 | Validation loss prev epoch inf | ETA(s): 407
2019-06-03 19:40:58,733:INFO: Epoch no: 1 | Epoch progress(%): 86.43 | Avg train loss: 3.1275 | Acc: 97.6904 90.2051 | Validation loss prev epoch inf | ETA(s): 360
2019-06-03 19:41:45,007:INFO: Epoch no: 1 | Epoch progress(%): 88.16 | Avg train loss: 3.1407 | Acc: 97.5996 90.1377 | Validation loss prev epoch inf | ETA(s): 312
2019-06-03 19:42:31,419:INFO: Epoch no: 1 | Epoch progress(%): 89.89 | Avg train loss: 3.1662 | Acc: 97.6201 90.1514 | Validation loss prev epoch inf | ETA(s): 268
2019-06-03 19:43:17,614:INFO: Epoch no: 1 | Epoch progress(%): 91.61 | Avg train loss: 3.1130 | Acc: 97.6406 90.2734 | Validation loss prev epoch inf | ETA(s): 221
2019-06-03 19:44:03,824:INFO: Epoch no: 1 | Epoch progress(%): 93.34 | Avg train loss: 3.1232 | Acc: 97.6357 90.0684 | Validation loss prev epoch inf | ETA(s): 175
2019-06-03 19:44:50,130:INFO: Epoch no: 1 | Epoch progress(%): 95.07 | Avg train loss: 3.1194 | Acc: 97.6475 90.3496 | Validation loss prev epoch inf | ETA(s): 130
2019-06-03 19:45:36,296:INFO: Epoch no: 1 | Epoch progress(%): 96.80 | Avg train loss: 3.1289 | Acc: 97.7402 90.3057 | Validation loss prev epoch inf | ETA(s): 84
2019-06-03 19:46:22,462:INFO: Epoch no: 1 | Epoch progress(%): 98.53 | Avg train loss: 3.0861 | Acc: 97.6455 90.5547 | Validation loss prev epoch inf | ETA(s): 38
2019-06-03 19:47:00,945:INFO: Epoch 1 complete. Calculating validation loss...
2019-06-03 19:58:29,583:INFO: Validation loss : 2.6259 | Val Acc: 98.0170 88.4630
2019-06-03 19:58:29,794:INFO: - Found new best val_loss
2019-06-03 19:58:29,794:INFO: Epoch 2/2
2019-06-03 19:59:20,289:INFO: Epoch no: 2 | Epoch progress(%): 1.71 | Avg train loss: 3.0927 | Acc: 97.7334 90.4678 | Validation loss prev epoch 2.6259 | ETA(s): 2656
2019-06-03 20:00:07,010:INFO: Epoch no: 2 | Epoch progress(%): 3.44 | Avg train loss: 3.0852 | Acc: 97.6709 90.5088 | Validation loss prev epoch 2.6259 | ETA(s): 2574
2019-06-03 20:00:53,955:INFO: Epoch no: 2 | Epoch progress(%): 5.17 | Avg train loss: 3.0952 | Acc: 97.6514 90.3291 | Validation loss prev epoch 2.6259 | ETA(s): 2541
2019-06-03 20:01:40,456:INFO: Epoch no: 2 | Epoch progress(%): 6.90 | Avg train loss: 3.0825 | Acc: 97.7441 90.5039 | Validation loss prev epoch 2.6259 | ETA(s): 2472
2019-06-03 20:02:27,067:INFO: Epoch no: 2 | Epoch progress(%): 8.63 | Avg train loss: 3.0814 | Acc: 97.6729 90.3555 | Validation loss prev epoch 2.6259 | ETA(s): 2430
2019-06-03 20:03:13,508:INFO: Epoch no: 2 | Epoch progress(%): 10.36 | Avg train loss: 3.0763 | Acc: 97.7090 90.3975 | Validation loss prev epoch 2.6259 | ETA(s): 2376
2019-06-03 20:03:59,754:INFO: Epoch no: 2 | Epoch progress(%): 12.08 | Avg train loss: 3.0848 | Acc: 97.7158 90.2910 | Validation loss prev epoch 2.6259 | ETA(s): 2320
2019-06-03 20:04:46,361:INFO: Epoch no: 2 | Epoch progress(%): 13.81 | Avg train loss: 3.0910 | Acc: 97.6592 90.5693 | Validation loss prev epoch 2.6259 | ETA(s): 2293
2019-06-03 20:05:32,539:INFO: Epoch no: 2 | Epoch progress(%): 15.54 | Avg train loss: 3.0774 | Acc: 97.6787 90.4854 | Validation loss prev epoch 2.6259 | ETA(s): 2226
2019-06-03 20:06:19,284:INFO: Epoch no: 2 | Epoch progress(%): 17.27 | Avg train loss: 3.0734 | Acc: 97.7344 90.5117 | Validation loss prev epoch 2.6259 | ETA(s): 2208
2019-06-03 20:07:05,494:INFO: Epoch no: 2 | Epoch progress(%): 19.00 | Avg train loss: 3.0645 | Acc: 97.8291 90.5166 | Validation loss prev epoch 2.6259 | ETA(s): 2136
2019-06-03 20:07:52,309:INFO: Epoch no: 2 | Epoch progress(%): 20.73 | Avg train loss: 3.0700 | Acc: 97.6992 90.3018 | Validation loss prev epoch 2.6259 | ETA(s): 2118
2019-06-03 20:08:38,505:INFO: Epoch no: 2 | Epoch progress(%): 22.46 | Avg train loss: 3.0866 | Acc: 97.7529 90.5586 | Validation loss prev epoch 2.6259 | ETA(s): 2045
2019-06-03 20:09:25,096:INFO: Epoch no: 2 | Epoch progress(%): 24.19 | Avg train loss: 3.0681 | Acc: 97.6914 90.6123 | Validation loss prev epoch 2.6259 | ETA(s): 2016
2019-06-03 20:10:11,746:INFO: Epoch no: 2 | Epoch progress(%): 25.92 | Avg train loss: 3.0767 | Acc: 97.6846 90.6328 | Validation loss prev epoch 2.6259 | ETA(s): 1973
2019-06-03 20:10:58,070:INFO: Epoch no: 2 | Epoch progress(%): 27.64 | Avg train loss: 3.0781 | Acc: 97.6885 90.5791 | Validation loss prev epoch 2.6259 | ETA(s): 1912
2019-06-03 20:11:44,365:INFO: Epoch no: 2 | Epoch progress(%): 29.37 | Avg train loss: 3.0527 | Acc: 97.7236 90.6260 | Validation loss prev epoch 2.6259 | ETA(s): 1866
2019-06-03 20:12:30,839:INFO: Epoch no: 2 | Epoch progress(%): 31.10 | Avg train loss: 3.0572 | Acc: 97.6064 90.4463 | Validation loss prev epoch 2.6259 | ETA(s): 1827
2019-06-03 20:13:17,120:INFO: Epoch no: 2 | Epoch progress(%): 32.83 | Avg train loss: 3.0545 | Acc: 97.6982 90.6172 | Validation loss prev epoch 2.6259 | ETA(s): 1774
2019-06-03 20:14:03,806:INFO: Epoch no: 2 | Epoch progress(%): 34.56 | Avg train loss: 3.0488 | Acc: 97.6885 90.5312 | Validation loss prev epoch 2.6259 | ETA(s): 1743
2019-06-03 20:14:49,954:INFO: Epoch no: 2 | Epoch progress(%): 36.29 | Avg train loss: 3.0514 | Acc: 97.6816 90.6572 | Validation loss prev epoch 2.6259 | ETA(s): 1678
2019-06-03 20:15:36,015:INFO: Epoch no: 2 | Epoch progress(%): 38.02 | Avg train loss: 3.0566 | Acc: 97.7754 90.3975 | Validation loss prev epoch 2.6259 | ETA(s): 1629
2019-06-03 20:16:22,653:INFO: Epoch no: 2 | Epoch progress(%): 39.75 | Avg train loss: 3.0270 | Acc: 97.7510 90.5312 | Validation loss prev epoch 2.6259 | ETA(s): 1603
2019-06-03 20:17:09,061:INFO: Epoch no: 2 | Epoch progress(%): 41.48 | Avg train loss: 3.0312 | Acc: 97.7803 90.5029 | Validation loss prev epoch 2.6259 | ETA(s): 1550
2019-06-03 20:17:55,186:INFO: Epoch no: 2 | Epoch progress(%): 43.21 | Avg train loss: 3.0398 | Acc: 97.7598 90.4678 | Validation loss prev epoch 2.6259 | ETA(s): 1495
2019-06-03 20:18:41,854:INFO: Epoch no: 2 | Epoch progress(%): 44.93 | Avg train loss: 3.0362 | Acc: 97.6943 90.5254 | Validation loss prev epoch 2.6259 | ETA(s): 1467
2019-06-03 20:19:28,096:INFO: Epoch no: 2 | Epoch progress(%): 46.66 | Avg train loss: 3.0258 | Acc: 97.6523 90.5195 | Validation loss prev epoch 2.6259 | ETA(s): 1408
2019-06-03 20:20:14,380:INFO: Epoch no: 2 | Epoch progress(%): 48.39 | Avg train loss: 3.0331 | Acc: 97.8125 90.6963 | Validation loss prev epoch 2.6259 | ETA(s): 1363
2019-06-03 20:21:00,626:INFO: Epoch no: 2 | Epoch progress(%): 50.12 | Avg train loss: 3.0508 | Acc: 97.7109 90.6289 | Validation loss prev epoch 2.6259 | ETA(s): 1316
2019-06-03 20:21:46,815:INFO: Epoch no: 2 | Epoch progress(%): 51.85 | Avg train loss: 3.0254 | Acc: 97.8164 90.5684 | Validation loss prev epoch 2.6259 | ETA(s): 1269
2019-06-03 20:22:32,890:INFO: Epoch no: 2 | Epoch progress(%): 53.58 | Avg train loss: 3.0319 | Acc: 97.6826 90.6719 | Validation loss prev epoch 2.6259 | ETA(s): 1220
2019-06-03 20:23:19,478:INFO: Epoch no: 2 | Epoch progress(%): 55.31 | Avg train loss: 3.0223 | Acc: 97.6963 90.6377 | Validation loss prev epoch 2.6259 | ETA(s): 1188
2019-06-03 20:24:06,085:INFO: Epoch no: 2 | Epoch progress(%): 57.04 | Avg train loss: 3.0336 | Acc: 97.7324 90.7080 | Validation loss prev epoch 2.6259 | ETA(s): 1142
2019-06-03 20:24:52,481:INFO: Epoch no: 2 | Epoch progress(%): 58.77 | Avg train loss: 3.0355 | Acc: 97.7100 90.8662 | Validation loss prev epoch 2.6259 | ETA(s): 1092
2019-06-03 20:25:38,890:INFO: Epoch no: 2 | Epoch progress(%): 60.49 | Avg train loss: 3.0185 | Acc: 97.7090 90.7852 | Validation loss prev epoch 2.6259 | ETA(s): 1046
2019-06-03 20:26:25,325:INFO: Epoch no: 2 | Epoch progress(%): 62.22 | Avg train loss: 3.0344 | Acc: 97.7861 90.7441 | Validation loss prev epoch 2.6259 | ETA(s): 1001
2019-06-03 20:27:11,547:INFO: Epoch no: 2 | Epoch progress(%): 63.95 | Avg train loss: 3.0281 | Acc: 97.7607 90.6387 | Validation loss prev epoch 2.6259 | ETA(s): 951
2019-06-03 20:27:58,437:INFO: Epoch no: 2 | Epoch progress(%): 65.68 | Avg train loss: 3.0170 | Acc: 97.7783 90.6016 | Validation loss prev epoch 2.6259 | ETA(s): 918
2019-06-03 20:28:44,485:INFO: Epoch no: 2 | Epoch progress(%): 67.41 | Avg train loss: 3.0495 | Acc: 97.7275 90.7207 | Validation loss prev epoch 2.6259 | ETA(s): 856
2019-06-03 20:29:30,795:INFO: Epoch no: 2 | Epoch progress(%): 69.14 | Avg train loss: 3.0350 | Acc: 97.6328 90.6514 | Validation loss prev epoch 2.6259 | ETA(s): 815
2019-06-03 20:30:16,983:INFO: Epoch no: 2 | Epoch progress(%): 70.87 | Avg train loss: 3.0117 | Acc: 97.6943 90.7832 | Validation loss prev epoch 2.6259 | ETA(s): 768
2019-06-03 20:31:03,596:INFO: Epoch no: 2 | Epoch progress(%): 72.60 | Avg train loss: 3.0307 | Acc: 97.7510 90.8252 | Validation loss prev epoch 2.6259 | ETA(s): 729
2019-06-03 20:31:50,268:INFO: Epoch no: 2 | Epoch progress(%): 74.33 | Avg train loss: 3.0254 | Acc: 97.7285 90.7393 | Validation loss prev epoch 2.6259 | ETA(s): 683
2019-06-03 20:32:36,300:INFO: Epoch no: 2 | Epoch progress(%): 76.05 | Avg train loss: 3.0193 | Acc: 97.6758 90.8486 | Validation loss prev epoch 2.6259 | ETA(s): 629
2019-06-03 20:33:23,353:INFO: Epoch no: 2 | Epoch progress(%): 77.78 | Avg train loss: 3.0378 | Acc: 97.7695 90.8486 | Validation loss prev epoch 2.6259 | ETA(s): 596
2019-06-03 20:34:09,241:INFO: Epoch no: 2 | Epoch progress(%): 79.51 | Avg train loss: 3.0257 | Acc: 97.7324 90.5801 | Validation loss prev epoch 2.6259 | ETA(s): 536
2019-06-03 20:34:55,989:INFO: Epoch no: 2 | Epoch progress(%): 81.24 | Avg train loss: 3.0014 | Acc: 97.7383 90.8193 | Validation loss prev epoch 2.6259 | ETA(s): 500
2019-06-03 20:35:43,065:INFO: Epoch no: 2 | Epoch progress(%): 82.97 | Avg train loss: 3.0061 | Acc: 97.7578 90.8174 | Validation loss prev epoch 2.6259 | ETA(s): 457
2019-06-03 20:36:29,537:INFO: Epoch no: 2 | Epoch progress(%): 84.70 | Avg train loss: 3.0162 | Acc: 97.7080 90.6406 | Validation loss prev epoch 2.6259 | ETA(s): 405
2019-06-03 20:37:15,801:INFO: Epoch no: 2 | Epoch progress(%): 86.43 | Avg train loss: 2.9994 | Acc: 97.6982 90.7959 | Validation loss prev epoch 2.6259 | ETA(s): 358
2019-06-03 20:38:02,286:INFO: Epoch no: 2 | Epoch progress(%): 88.16 | Avg train loss: 2.9898 | Acc: 97.7646 90.8691 | Validation loss prev epoch 2.6259 | ETA(s): 314
2019-06-03 20:38:48,201:INFO: Epoch no: 2 | Epoch progress(%): 89.89 | Avg train loss: 2.9996 | Acc: 97.7422 90.7754 | Validation loss prev epoch 2.6259 | ETA(s): 265
2019-06-03 20:39:34,265:INFO: Epoch no: 2 | Epoch progress(%): 91.61 | Avg train loss: 2.9953 | Acc: 97.7891 90.7705 | Validation loss prev epoch 2.6259 | ETA(s): 220
2019-06-03 20:40:20,098:INFO: Epoch no: 2 | Epoch progress(%): 93.34 | Avg train loss: 3.0133 | Acc: 97.7100 90.7773 | Validation loss prev epoch 2.6259 | ETA(s): 174
2019-06-03 20:41:06,471:INFO: Epoch no: 2 | Epoch progress(%): 95.07 | Avg train loss: 2.9923 | Acc: 97.7441 90.7598 | Validation loss prev epoch 2.6259 | ETA(s): 130
2019-06-03 20:41:52,694:INFO: Epoch no: 2 | Epoch progress(%): 96.80 | Avg train loss: 2.9943 | Acc: 97.7393 90.8096 | Validation loss prev epoch 2.6259 | ETA(s): 84
2019-06-03 20:42:38,724:INFO: Epoch no: 2 | Epoch progress(%): 98.53 | Avg train loss: 3.0114 | Acc: 97.6758 91.0059 | Validation loss prev epoch 2.6259 | ETA(s): 38
2019-06-03 20:43:17,429:INFO: Epoch 2 complete. Calculating validation loss...
2019-06-03 20:54:45,399:INFO: Validation loss : 2.4610 | Val Acc: 98.1458 88.5875
2019-06-03 20:54:45,523:INFO: - Found new best val_loss
2019-06-03 21:28:04,502:INFO: Loading the datasets...
2019-06-03 21:28:13,409:INFO: Restoring parameters from experiments/transformer/best.pth.tar
2019-06-03 21:28:13,444:INFO: Epoch 1/8
2019-06-03 21:28:13,444:INFO: Training with NLL loss
2019-06-03 21:29:04,088:INFO: Epoch no: 1 | Epoch progress(%): 1.71 | Avg train loss: 2.9955 | Acc: 97.7129 90.6279 | Validation loss prev epoch inf | ETA(s): 2664
2019-06-03 21:29:50,652:INFO: Epoch no: 1 | Epoch progress(%): 3.44 | Avg train loss: 2.9922 | Acc: 97.7236 90.8994 | Validation loss prev epoch inf | ETA(s): 2566
2019-06-03 21:30:37,549:INFO: Epoch no: 1 | Epoch progress(%): 5.17 | Avg train loss: 2.9871 | Acc: 97.8008 90.9707 | Validation loss prev epoch inf | ETA(s): 2538
2019-06-03 21:31:24,109:INFO: Epoch no: 1 | Epoch progress(%): 6.90 | Avg train loss: 3.0087 | Acc: 97.8164 90.7725 | Validation loss prev epoch inf | ETA(s): 2474
2019-06-03 21:32:10,877:INFO: Epoch no: 1 | Epoch progress(%): 8.63 | Avg train loss: 2.9839 | Acc: 97.8223 90.8818 | Validation loss prev epoch inf | ETA(s): 2438
2019-06-03 21:32:57,389:INFO: Epoch no: 1 | Epoch progress(%): 10.36 | Avg train loss: 2.9796 | Acc: 97.7598 91.0254 | Validation loss prev epoch inf | ETA(s): 2379
2019-06-03 21:33:43,566:INFO: Epoch no: 1 | Epoch progress(%): 12.08 | Avg train loss: 3.0642 | Acc: 97.7373 90.8555 | Validation loss prev epoch inf | ETA(s): 2318
2019-06-03 21:34:30,254:INFO: Epoch no: 1 | Epoch progress(%): 13.81 | Avg train loss: 3.0859 | Acc: 97.8135 90.8359 | Validation loss prev epoch inf | ETA(s): 2297
2019-06-03 21:35:16,474:INFO: Epoch no: 1 | Epoch progress(%): 15.54 | Avg train loss: 3.0208 | Acc: 97.7998 90.9043 | Validation loss prev epoch inf | ETA(s): 2229
2019-06-03 21:36:03,097:INFO: Epoch no: 1 | Epoch progress(%): 17.27 | Avg train loss: 3.0094 | Acc: 97.7803 90.7295 | Validation loss prev epoch inf | ETA(s): 2201
2019-06-03 21:36:49,957:INFO: Epoch no: 1 | Epoch progress(%): 19.00 | Avg train loss: 2.9942 | Acc: 97.7988 90.9561 | Validation loss prev epoch inf | ETA(s): 2166
2019-06-03 21:37:35,877:INFO: Epoch no: 1 | Epoch progress(%): 20.73 | Avg train loss: 2.9953 | Acc: 97.8604 90.8467 | Validation loss prev epoch inf | ETA(s): 2078
2019-06-03 21:38:22,037:INFO: Epoch no: 1 | Epoch progress(%): 22.46 | Avg train loss: 2.9893 | Acc: 97.8574 91.1533 | Validation loss prev epoch inf | ETA(s): 2043
2019-06-03 21:39:08,373:INFO: Epoch no: 1 | Epoch progress(%): 24.19 | Avg train loss: 3.0125 | Acc: 97.7695 90.7744 | Validation loss prev epoch inf | ETA(s): 2005
2019-06-03 21:39:54,601:INFO: Epoch no: 1 | Epoch progress(%): 25.92 | Avg train loss: 2.9816 | Acc: 97.7910 90.8818 | Validation loss prev epoch inf | ETA(s): 1954
2019-06-03 21:40:41,210:INFO: Epoch no: 1 | Epoch progress(%): 27.64 | Avg train loss: 2.9920 | Acc: 97.8105 90.7598 | Validation loss prev epoch inf | ETA(s): 1925
2019-06-03 21:41:28,222:INFO: Epoch no: 1 | Epoch progress(%): 29.37 | Avg train loss: 3.0075 | Acc: 97.7715 90.9453 | Validation loss prev epoch inf | ETA(s): 1895
2019-06-03 21:42:14,713:INFO: Epoch no: 1 | Epoch progress(%): 31.10 | Avg train loss: 2.9843 | Acc: 97.7598 90.9854 | Validation loss prev epoch inf | ETA(s): 1828
2019-06-03 21:43:01,403:INFO: Epoch no: 1 | Epoch progress(%): 32.83 | Avg train loss: 2.9854 | Acc: 97.7705 90.9727 | Validation loss prev epoch inf | ETA(s): 1790
2019-06-03 21:43:47,345:INFO: Epoch no: 1 | Epoch progress(%): 34.56 | Avg train loss: 2.9917 | Acc: 97.7695 90.9736 | Validation loss prev epoch inf | ETA(s): 1716
2019-06-03 21:44:33,533:INFO: Epoch no: 1 | Epoch progress(%): 36.29 | Avg train loss: 2.9767 | Acc: 97.8594 90.8867 | Validation loss prev epoch inf | ETA(s): 1679
2019-06-03 21:45:19,797:INFO: Epoch no: 1 | Epoch progress(%): 38.02 | Avg train loss: 2.9800 | Acc: 97.7656 90.8027 | Validation loss prev epoch inf | ETA(s): 1636
2019-06-03 21:46:06,521:INFO: Epoch no: 1 | Epoch progress(%): 39.75 | Avg train loss: 2.9836 | Acc: 97.7637 90.9209 | Validation loss prev epoch inf | ETA(s): 1607
2019-06-03 21:46:53,019:INFO: Epoch no: 1 | Epoch progress(%): 41.48 | Avg train loss: 2.9790 | Acc: 97.7529 91.1084 | Validation loss prev epoch inf | ETA(s): 1553
2019-06-03 21:47:39,050:INFO: Epoch no: 1 | Epoch progress(%): 43.21 | Avg train loss: 2.9774 | Acc: 97.7451 90.8398 | Validation loss prev epoch inf | ETA(s): 1492
2019-06-03 21:48:25,456:INFO: Epoch no: 1 | Epoch progress(%): 44.93 | Avg train loss: 2.9737 | Acc: 97.8291 91.0146 | Validation loss prev epoch inf | ETA(s): 1458
2019-06-03 21:49:11,614:INFO: Epoch no: 1 | Epoch progress(%): 46.66 | Avg train loss: 2.9889 | Acc: 97.7812 90.9492 | Validation loss prev epoch inf | ETA(s): 1405
2019-06-03 21:49:57,842:INFO: Epoch no: 1 | Epoch progress(%): 48.39 | Avg train loss: 2.9753 | Acc: 97.7432 90.9746 | Validation loss prev epoch inf | ETA(s): 1362
2019-06-03 21:50:43,890:INFO: Epoch no: 1 | Epoch progress(%): 50.12 | Avg train loss: 2.9573 | Acc: 97.8584 90.9766 | Validation loss prev epoch inf | ETA(s): 1311
2019-06-03 21:51:30,349:INFO: Epoch no: 1 | Epoch progress(%): 51.85 | Avg train loss: 2.9805 | Acc: 97.8770 91.0146 | Validation loss prev epoch inf | ETA(s): 1277
2019-06-03 21:52:17,045:INFO: Epoch no: 1 | Epoch progress(%): 53.58 | Avg train loss: 2.9753 | Acc: 97.8652 91.0234 | Validation loss prev epoch inf | ETA(s): 1237
2019-06-03 21:53:04,453:INFO: Epoch no: 1 | Epoch progress(%): 55.31 | Avg train loss: 2.9765 | Acc: 97.7861 91.0127 | Validation loss prev epoch inf | ETA(s): 1209
2019-06-03 21:53:50,781:INFO: Epoch no: 1 | Epoch progress(%): 57.04 | Avg train loss: 2.9602 | Acc: 97.7861 91.0361 | Validation loss prev epoch inf | ETA(s): 1136
2019-06-03 21:54:37,330:INFO: Epoch no: 1 | Epoch progress(%): 58.77 | Avg train loss: 2.9797 | Acc: 97.7812 91.0518 | Validation loss prev epoch inf | ETA(s): 1096
2019-06-03 21:55:23,691:INFO: Epoch no: 1 | Epoch progress(%): 60.49 | Avg train loss: 2.9692 | Acc: 97.7891 91.1094 | Validation loss prev epoch inf | ETA(s): 1045
2019-06-03 21:56:10,098:INFO: Epoch no: 1 | Epoch progress(%): 62.22 | Avg train loss: 2.9581 | Acc: 97.8057 91.0186 | Validation loss prev epoch inf | ETA(s): 1000
2019-06-03 21:56:56,079:INFO: Epoch no: 1 | Epoch progress(%): 63.95 | Avg train loss: 2.9663 | Acc: 97.7920 90.9512 | Validation loss prev epoch inf | ETA(s): 946
2019-06-03 21:57:42,711:INFO: Epoch no: 1 | Epoch progress(%): 65.68 | Avg train loss: 2.9646 | Acc: 97.7842 90.9238 | Validation loss prev epoch inf | ETA(s): 913
2019-06-03 21:58:29,192:INFO: Epoch no: 1 | Epoch progress(%): 67.41 | Avg train loss: 2.9651 | Acc: 97.8047 91.0430 | Validation loss prev epoch inf | ETA(s): 864
2019-06-03 21:59:15,476:INFO: Epoch no: 1 | Epoch progress(%): 69.14 | Avg train loss: 2.9683 | Acc: 97.7500 91.0010 | Validation loss prev epoch inf | ETA(s): 815
2019-06-03 22:00:01,676:INFO: Epoch no: 1 | Epoch progress(%): 70.87 | Avg train loss: 2.9592 | Acc: 97.7559 91.1514 | Validation loss prev epoch inf | ETA(s): 768
2019-06-03 22:00:48,361:INFO: Epoch no: 1 | Epoch progress(%): 72.60 | Avg train loss: 2.9775 | Acc: 97.7969 91.0850 | Validation loss prev epoch inf | ETA(s): 730
2019-06-03 22:01:34,729:INFO: Epoch no: 1 | Epoch progress(%): 74.33 | Avg train loss: 2.9568 | Acc: 97.8447 91.0723 | Validation loss prev epoch inf | ETA(s): 679
2019-06-03 22:02:21,362:INFO: Epoch no: 1 | Epoch progress(%): 76.05 | Avg train loss: 2.9709 | Acc: 97.7783 90.9980 | Validation loss prev epoch inf | ETA(s): 637
2019-06-03 22:03:07,716:INFO: Epoch no: 1 | Epoch progress(%): 77.78 | Avg train loss: 2.9590 | Acc: 97.7822 91.0117 | Validation loss prev epoch inf | ETA(s): 587
2019-06-03 22:03:53,671:INFO: Epoch no: 1 | Epoch progress(%): 79.51 | Avg train loss: 2.9619 | Acc: 97.8633 91.1348 | Validation loss prev epoch inf | ETA(s): 537
2019-06-03 22:04:39,324:INFO: Epoch no: 1 | Epoch progress(%): 81.24 | Avg train loss: 2.9663 | Acc: 97.7549 90.9756 | Validation loss prev epoch inf | ETA(s): 488
2019-06-03 22:05:25,648:INFO: Epoch no: 1 | Epoch progress(%): 82.97 | Avg train loss: 2.9450 | Acc: 97.7754 91.1924 | Validation loss prev epoch inf | ETA(s): 450
2019-06-03 22:06:12,043:INFO: Epoch no: 1 | Epoch progress(%): 84.70 | Avg train loss: 2.9637 | Acc: 97.7383 91.0068 | Validation loss prev epoch inf | ETA(s): 405
2019-06-03 22:06:58,546:INFO: Epoch no: 1 | Epoch progress(%): 86.43 | Avg train loss: 2.9471 | Acc: 97.8613 91.2119 | Validation loss prev epoch inf | ETA(s): 360
2019-06-03 22:07:45,871:INFO: Epoch no: 1 | Epoch progress(%): 88.16 | Avg train loss: 2.9742 | Acc: 97.7646 91.0137 | Validation loss prev epoch inf | ETA(s): 320
2019-06-03 22:08:32,404:INFO: Epoch no: 1 | Epoch progress(%): 89.89 | Avg train loss: 2.9484 | Acc: 97.7256 91.0586 | Validation loss prev epoch inf | ETA(s): 268
2019-06-03 22:09:19,426:INFO: Epoch no: 1 | Epoch progress(%): 91.61 | Avg train loss: 2.9407 | Acc: 97.8271 91.0410 | Validation loss prev epoch inf | ETA(s): 225
2019-06-03 22:10:06,113:INFO: Epoch no: 1 | Epoch progress(%): 93.34 | Avg train loss: 2.9700 | Acc: 97.8174 90.9971 | Validation loss prev epoch inf | ETA(s): 177
2019-06-03 22:10:52,148:INFO: Epoch no: 1 | Epoch progress(%): 95.07 | Avg train loss: 2.9633 | Acc: 97.8438 91.1846 | Validation loss prev epoch inf | ETA(s): 129
2019-06-03 22:11:39,535:INFO: Epoch no: 1 | Epoch progress(%): 96.80 | Avg train loss: 2.9491 | Acc: 97.8662 91.0684 | Validation loss prev epoch inf | ETA(s): 86
2019-06-03 22:12:26,615:INFO: Epoch no: 1 | Epoch progress(%): 98.53 | Avg train loss: 2.9330 | Acc: 97.8252 91.3203 | Validation loss prev epoch inf | ETA(s): 39
2019-06-03 22:13:05,426:INFO: Epoch 1 complete. Calculating validation loss...
2019-06-03 22:24:45,037:INFO: Validation loss : 2.5002 | Val Acc: 98.2313 89.0460
2019-06-03 22:24:45,179:INFO: - Found new best val_loss
2019-06-03 22:24:45,179:INFO: Epoch 2/8
2019-06-03 22:25:36,241:INFO: Epoch no: 2 | Epoch progress(%): 1.71 | Avg train loss: 2.9457 | Acc: 97.9033 91.3711 | Validation loss prev epoch 2.5002 | ETA(s): 2688
2019-06-03 22:26:22,559:INFO: Epoch no: 2 | Epoch progress(%): 3.44 | Avg train loss: 2.9490 | Acc: 97.7988 91.2627 | Validation loss prev epoch 2.5002 | ETA(s): 2553
2019-06-03 22:27:08,644:INFO: Epoch no: 2 | Epoch progress(%): 5.17 | Avg train loss: 2.9588 | Acc: 97.8027 91.0518 | Validation loss prev epoch 2.5002 | ETA(s): 2494
2019-06-03 22:27:55,532:INFO: Epoch no: 2 | Epoch progress(%): 6.90 | Avg train loss: 2.9329 | Acc: 97.9023 91.2344 | Validation loss prev epoch 2.5002 | ETA(s): 2491
2019-06-03 22:28:41,870:INFO: Epoch no: 2 | Epoch progress(%): 8.63 | Avg train loss: 2.9426 | Acc: 97.8076 91.2588 | Validation loss prev epoch 2.5002 | ETA(s): 2417
2019-06-03 22:29:28,130:INFO: Epoch no: 2 | Epoch progress(%): 10.36 | Avg train loss: 2.9526 | Acc: 97.8545 91.1055 | Validation loss prev epoch 2.5002 | ETA(s): 2367
2019-06-03 22:30:14,851:INFO: Epoch no: 2 | Epoch progress(%): 12.08 | Avg train loss: 2.9524 | Acc: 97.8740 90.9863 | Validation loss prev epoch 2.5002 | ETA(s): 2344
2019-06-03 22:31:01,170:INFO: Epoch no: 2 | Epoch progress(%): 13.81 | Avg train loss: 2.9319 | Acc: 97.7930 91.3311 | Validation loss prev epoch 2.5002 | ETA(s): 2278
2019-06-03 22:31:48,120:INFO: Epoch no: 2 | Epoch progress(%): 15.54 | Avg train loss: 2.9552 | Acc: 97.8262 91.2236 | Validation loss prev epoch 2.5002 | ETA(s): 2263
2019-06-03 22:32:34,828:INFO: Epoch no: 2 | Epoch progress(%): 17.27 | Avg train loss: 2.9745 | Acc: 97.8789 91.2520 | Validation loss prev epoch 2.5002 | ETA(s): 2206
2019-06-03 22:33:20,836:INFO: Epoch no: 2 | Epoch progress(%): 19.00 | Avg train loss: 2.9529 | Acc: 97.9785 91.2881 | Validation loss prev epoch 2.5002 | ETA(s): 2128
2019-06-03 22:34:06,903:INFO: Epoch no: 2 | Epoch progress(%): 20.73 | Avg train loss: 2.9498 | Acc: 97.8389 90.9170 | Validation loss prev epoch 2.5002 | ETA(s): 2085
2019-06-03 22:34:53,541:INFO: Epoch no: 2 | Epoch progress(%): 22.46 | Avg train loss: 2.9413 | Acc: 97.8750 91.1670 | Validation loss prev epoch 2.5002 | ETA(s): 2064
2019-06-03 22:35:40,692:INFO: Epoch no: 2 | Epoch progress(%): 24.19 | Avg train loss: 2.9461 | Acc: 97.8027 91.3291 | Validation loss prev epoch 2.5002 | ETA(s): 2040
2019-06-03 22:36:27,355:INFO: Epoch no: 2 | Epoch progress(%): 25.92 | Avg train loss: 2.9370 | Acc: 97.7900 91.1465 | Validation loss prev epoch 2.5002 | ETA(s): 1972
2019-06-03 22:37:13,740:INFO: Epoch no: 2 | Epoch progress(%): 27.64 | Avg train loss: 2.9488 | Acc: 97.8574 91.1807 | Validation loss prev epoch 2.5002 | ETA(s): 1915
2019-06-03 22:38:00,573:INFO: Epoch no: 2 | Epoch progress(%): 29.37 | Avg train loss: 2.9386 | Acc: 97.8604 91.3389 | Validation loss prev epoch 2.5002 | ETA(s): 1887
2019-06-03 22:38:47,429:INFO: Epoch no: 2 | Epoch progress(%): 31.10 | Avg train loss: 2.9420 | Acc: 97.7607 91.1318 | Validation loss prev epoch 2.5002 | ETA(s): 1842
2019-06-03 22:39:33,630:INFO: Epoch no: 2 | Epoch progress(%): 32.83 | Avg train loss: 2.9389 | Acc: 97.7969 91.2344 | Validation loss prev epoch 2.5002 | ETA(s): 1771
2019-06-03 22:40:20,652:INFO: Epoch no: 2 | Epoch progress(%): 34.56 | Avg train loss: 2.9379 | Acc: 97.7930 91.0322 | Validation loss prev epoch 2.5002 | ETA(s): 1756
2019-06-03 22:41:07,149:INFO: Epoch no: 2 | Epoch progress(%): 36.29 | Avg train loss: 2.9407 | Acc: 97.7891 91.2295 | Validation loss prev epoch 2.5002 | ETA(s): 1690
2019-06-03 22:41:53,114:INFO: Epoch no: 2 | Epoch progress(%): 38.02 | Avg train loss: 2.9401 | Acc: 97.8828 91.0430 | Validation loss prev epoch 2.5002 | ETA(s): 1626
2019-06-03 22:42:39,111:INFO: Epoch no: 2 | Epoch progress(%): 39.75 | Avg train loss: 2.9160 | Acc: 97.8408 91.2637 | Validation loss prev epoch 2.5002 | ETA(s): 1581
2019-06-03 22:43:25,891:INFO: Epoch no: 2 | Epoch progress(%): 41.48 | Avg train loss: 2.9230 | Acc: 97.8848 91.1143 | Validation loss prev epoch 2.5002 | ETA(s): 1562
2019-06-03 22:44:12,531:INFO: Epoch no: 2 | Epoch progress(%): 43.21 | Avg train loss: 2.9308 | Acc: 97.8584 91.0977 | Validation loss prev epoch 2.5002 | ETA(s): 1512
2019-06-03 22:44:59,383:INFO: Epoch no: 2 | Epoch progress(%): 44.93 | Avg train loss: 2.9371 | Acc: 97.8232 91.2090 | Validation loss prev epoch 2.5002 | ETA(s): 1472
2019-06-03 22:45:45,919:INFO: Epoch no: 2 | Epoch progress(%): 46.66 | Avg train loss: 2.9228 | Acc: 97.7881 91.2295 | Validation loss prev epoch 2.5002 | ETA(s): 1417
2019-06-03 22:46:31,963:INFO: Epoch no: 2 | Epoch progress(%): 48.39 | Avg train loss: 2.9334 | Acc: 97.9463 91.0889 | Validation loss prev epoch 2.5002 | ETA(s): 1356
2019-06-03 22:47:18,472:INFO: Epoch no: 2 | Epoch progress(%): 50.12 | Avg train loss: 2.9472 | Acc: 97.8164 91.1826 | Validation loss prev epoch 2.5002 | ETA(s): 1324
2019-06-03 22:48:04,658:INFO: Epoch no: 2 | Epoch progress(%): 51.85 | Avg train loss: 2.9444 | Acc: 97.9443 91.0967 | Validation loss prev epoch 2.5002 | ETA(s): 1269
2019-06-03 22:48:50,924:INFO: Epoch no: 2 | Epoch progress(%): 53.58 | Avg train loss: 2.9300 | Acc: 97.8174 91.2812 | Validation loss prev epoch 2.5002 | ETA(s): 1226
2019-06-03 22:49:36,548:INFO: Epoch no: 2 | Epoch progress(%): 55.31 | Avg train loss: 2.9235 | Acc: 97.8350 91.2012 | Validation loss prev epoch 2.5002 | ETA(s): 1163
2019-06-03 22:50:23,126:INFO: Epoch no: 2 | Epoch progress(%): 57.04 | Avg train loss: 2.9221 | Acc: 97.8369 91.2119 | Validation loss prev epoch 2.5002 | ETA(s): 1142
2019-06-03 22:51:09,284:INFO: Epoch no: 2 | Epoch progress(%): 58.77 | Avg train loss: 2.9450 | Acc: 97.8076 91.2285 | Validation loss prev epoch 2.5002 | ETA(s): 1086
2019-06-03 22:51:55,836:INFO: Epoch no: 2 | Epoch progress(%): 60.49 | Avg train loss: 2.9350 | Acc: 97.7881 91.3047 | Validation loss prev epoch 2.5002 | ETA(s): 1049
2019-06-03 22:52:42,110:INFO: Epoch no: 2 | Epoch progress(%): 62.22 | Avg train loss: 2.9381 | Acc: 97.8643 91.3242 | Validation loss prev epoch 2.5002 | ETA(s): 997
2019-06-03 22:53:28,433:INFO: Epoch no: 2 | Epoch progress(%): 63.95 | Avg train loss: 2.9465 | Acc: 97.8721 91.1152 | Validation loss prev epoch 2.5002 | ETA(s): 953
2019-06-03 22:54:15,138:INFO: Epoch no: 2 | Epoch progress(%): 65.68 | Avg train loss: 2.9281 | Acc: 97.8311 91.1201 | Validation loss prev epoch 2.5002 | ETA(s): 914
2019-06-03 22:55:01,459:INFO: Epoch no: 2 | Epoch progress(%): 67.41 | Avg train loss: 2.9264 | Acc: 97.8174 91.1748 | Validation loss prev epoch 2.5002 | ETA(s): 861
2019-06-03 22:55:48,110:INFO: Epoch no: 2 | Epoch progress(%): 69.14 | Avg train loss: 2.9346 | Acc: 97.7207 91.1436 | Validation loss prev epoch 2.5002 | ETA(s): 821
2019-06-03 22:56:34,254:INFO: Epoch no: 2 | Epoch progress(%): 70.87 | Avg train loss: 2.9287 | Acc: 97.7773 91.3281 | Validation loss prev epoch 2.5002 | ETA(s): 767
2019-06-03 22:57:20,728:INFO: Epoch no: 2 | Epoch progress(%): 72.60 | Avg train loss: 2.9466 | Acc: 97.8633 91.2900 | Validation loss prev epoch 2.5002 | ETA(s): 727
2019-06-03 22:58:06,444:INFO: Epoch no: 2 | Epoch progress(%): 74.33 | Avg train loss: 2.9368 | Acc: 97.8164 91.3545 | Validation loss prev epoch 2.5002 | ETA(s): 670
2019-06-03 22:58:53,004:INFO: Epoch no: 2 | Epoch progress(%): 76.05 | Avg train loss: 2.9241 | Acc: 97.7754 91.3584 | Validation loss prev epoch 2.5002 | ETA(s): 636
2019-06-03 22:59:40,404:INFO: Epoch no: 2 | Epoch progress(%): 77.78 | Avg train loss: 2.9363 | Acc: 97.8438 91.1689 | Validation loss prev epoch 2.5002 | ETA(s): 601
2019-06-03 23:00:26,918:INFO: Epoch no: 2 | Epoch progress(%): 79.51 | Avg train loss: 2.9343 | Acc: 97.8691 91.0977 | Validation loss prev epoch 2.5002 | ETA(s): 543
2019-06-03 23:01:13,667:INFO: Epoch no: 2 | Epoch progress(%): 81.24 | Avg train loss: 2.9092 | Acc: 97.8535 91.3232 | Validation loss prev epoch 2.5002 | ETA(s): 500
2019-06-03 23:01:59,946:INFO: Epoch no: 2 | Epoch progress(%): 82.97 | Avg train loss: 2.9179 | Acc: 97.8467 91.1680 | Validation loss prev epoch 2.5002 | ETA(s): 449
2019-06-03 23:02:46,142:INFO: Epoch no: 2 | Epoch progress(%): 84.70 | Avg train loss: 2.9326 | Acc: 97.8262 90.9277 | Validation loss prev epoch 2.5002 | ETA(s): 403
2019-06-03 23:03:32,742:INFO: Epoch no: 2 | Epoch progress(%): 86.43 | Avg train loss: 2.9069 | Acc: 97.7637 91.2051 | Validation loss prev epoch 2.5002 | ETA(s): 360
2019-06-03 23:04:18,997:INFO: Epoch no: 2 | Epoch progress(%): 88.16 | Avg train loss: 2.9096 | Acc: 97.8486 91.2891 | Validation loss prev epoch 2.5002 | ETA(s): 312
2019-06-03 23:05:05,207:INFO: Epoch no: 2 | Epoch progress(%): 89.89 | Avg train loss: 2.9266 | Acc: 97.8154 91.2402 | Validation loss prev epoch 2.5002 | ETA(s): 266
2019-06-03 23:05:52,035:INFO: Epoch no: 2 | Epoch progress(%): 91.61 | Avg train loss: 2.9113 | Acc: 97.8994 91.2871 | Validation loss prev epoch 2.5002 | ETA(s): 224
2019-06-03 23:06:39,019:INFO: Epoch no: 2 | Epoch progress(%): 93.34 | Avg train loss: 2.9284 | Acc: 97.7666 91.3281 | Validation loss prev epoch 2.5002 | ETA(s): 178
2019-06-03 23:07:25,418:INFO: Epoch no: 2 | Epoch progress(%): 95.07 | Avg train loss: 2.9228 | Acc: 97.8066 91.1963 | Validation loss prev epoch 2.5002 | ETA(s): 130
2019-06-03 23:08:11,801:INFO: Epoch no: 2 | Epoch progress(%): 96.80 | Avg train loss: 2.9143 | Acc: 97.8135 91.2188 | Validation loss prev epoch 2.5002 | ETA(s): 84
2019-06-03 23:08:58,067:INFO: Epoch no: 2 | Epoch progress(%): 98.53 | Avg train loss: 2.9299 | Acc: 97.7236 91.4854 | Validation loss prev epoch 2.5002 | ETA(s): 38
2019-06-03 23:09:36,700:INFO: Epoch 2 complete. Calculating validation loss...
2019-06-03 23:21:13,167:INFO: Validation loss : 2.4306 | Val Acc: 98.1825 89.4226
2019-06-03 23:21:13,308:INFO: - Found new best val_loss
2019-06-03 23:21:13,308:INFO: Epoch 3/8
2019-06-03 23:22:03,952:INFO: Epoch no: 3 | Epoch progress(%): 1.71 | Avg train loss: 2.9100 | Acc: 97.7900 91.3223 | Validation loss prev epoch 2.4306 | ETA(s): 2666
2019-06-03 23:22:50,066:INFO: Epoch no: 3 | Epoch progress(%): 3.44 | Avg train loss: 2.9322 | Acc: 97.9043 91.2744 | Validation loss prev epoch 2.4306 | ETA(s): 2543
2019-06-03 23:23:36,119:INFO: Epoch no: 3 | Epoch progress(%): 5.17 | Avg train loss: 2.9201 | Acc: 97.7891 91.3164 | Validation loss prev epoch 2.4306 | ETA(s): 2493
2019-06-03 23:24:22,848:INFO: Epoch no: 3 | Epoch progress(%): 6.90 | Avg train loss: 2.9053 | Acc: 97.8643 91.4111 | Validation loss prev epoch 2.4306 | ETA(s): 2483
2019-06-03 23:25:09,239:INFO: Epoch no: 3 | Epoch progress(%): 8.63 | Avg train loss: 2.9167 | Acc: 97.7803 91.2676 | Validation loss prev epoch 2.4306 | ETA(s): 2420
2019-06-03 23:25:56,047:INFO: Epoch no: 3 | Epoch progress(%): 10.36 | Avg train loss: 2.9149 | Acc: 97.8760 91.2227 | Validation loss prev epoch 2.4306 | ETA(s): 2395
2019-06-03 23:26:42,643:INFO: Epoch no: 3 | Epoch progress(%): 12.08 | Avg train loss: 2.9240 | Acc: 97.9434 91.2773 | Validation loss prev epoch 2.4306 | ETA(s): 2338
2019-06-03 23:27:29,327:INFO: Epoch no: 3 | Epoch progress(%): 13.81 | Avg train loss: 2.9129 | Acc: 97.8662 91.2432 | Validation loss prev epoch 2.4306 | ETA(s): 2297
2019-06-03 23:28:15,821:INFO: Epoch no: 3 | Epoch progress(%): 15.54 | Avg train loss: 2.9152 | Acc: 97.8750 91.4219 | Validation loss prev epoch 2.4306 | ETA(s): 2241
2019-06-03 23:29:02,079:INFO: Epoch no: 3 | Epoch progress(%): 17.27 | Avg train loss: 2.9185 | Acc: 97.8359 91.3125 | Validation loss prev epoch 2.4306 | ETA(s): 2183
2019-06-03 23:29:48,247:INFO: Epoch no: 3 | Epoch progress(%): 19.00 | Avg train loss: 2.9178 | Acc: 97.8516 91.4707 | Validation loss prev epoch 2.4306 | ETA(s): 2135
2019-06-03 23:30:34,914:INFO: Epoch no: 3 | Epoch progress(%): 20.73 | Avg train loss: 2.9171 | Acc: 97.8760 91.2256 | Validation loss prev epoch 2.4306 | ETA(s): 2111
2019-06-03 23:31:21,349:INFO: Epoch no: 3 | Epoch progress(%): 22.46 | Avg train loss: 2.9172 | Acc: 97.8516 91.3281 | Validation loss prev epoch 2.4306 | ETA(s): 2055
2019-06-03 23:32:08,108:INFO: Epoch no: 3 | Epoch progress(%): 24.19 | Avg train loss: 2.9188 | Acc: 97.8701 91.2949 | Validation loss prev epoch 2.4306 | ETA(s): 2023
2019-06-03 23:32:54,956:INFO: Epoch no: 3 | Epoch progress(%): 25.92 | Avg train loss: 2.9054 | Acc: 97.9414 91.4326 | Validation loss prev epoch 2.4306 | ETA(s): 1980
2019-06-03 23:33:41,472:INFO: Epoch no: 3 | Epoch progress(%): 27.64 | Avg train loss: 2.9163 | Acc: 97.8457 91.2207 | Validation loss prev epoch 2.4306 | ETA(s): 1921
2019-06-03 23:34:28,382:INFO: Epoch no: 3 | Epoch progress(%): 29.37 | Avg train loss: 2.9223 | Acc: 97.8633 91.4023 | Validation loss prev epoch 2.4306 | ETA(s): 1890
2019-06-03 23:35:14,983:INFO: Epoch no: 3 | Epoch progress(%): 31.10 | Avg train loss: 2.9196 | Acc: 97.8252 91.4492 | Validation loss prev epoch 2.4306 | ETA(s): 1833
2019-06-03 23:36:01,379:INFO: Epoch no: 3 | Epoch progress(%): 32.83 | Avg train loss: 2.9126 | Acc: 97.8555 91.4648 | Validation loss prev epoch 2.4306 | ETA(s): 1778
2019-06-03 23:36:47,743:INFO: Epoch no: 3 | Epoch progress(%): 34.56 | Avg train loss: 2.9072 | Acc: 97.8369 91.3096 | Validation loss prev epoch 2.4306 | ETA(s): 1732
2019-06-03 23:37:33,562:INFO: Epoch no: 3 | Epoch progress(%): 36.29 | Avg train loss: 2.8976 | Acc: 97.8730 91.4199 | Validation loss prev epoch 2.4306 | ETA(s): 1666
2019-06-03 23:38:20,197:INFO: Epoch no: 3 | Epoch progress(%): 38.02 | Avg train loss: 2.8991 | Acc: 97.8770 91.4746 | Validation loss prev epoch 2.4306 | ETA(s): 1650
2019-06-03 23:39:06,788:INFO: Epoch no: 3 | Epoch progress(%): 39.75 | Avg train loss: 2.9179 | Acc: 97.8018 91.2383 | Validation loss prev epoch 2.4306 | ETA(s): 1602
2019-06-03 23:39:53,819:INFO: Epoch no: 3 | Epoch progress(%): 41.48 | Avg train loss: 2.9038 | Acc: 97.8945 91.3721 | Validation loss prev epoch 2.4306 | ETA(s): 1571
2019-06-03 23:40:40,208:INFO: Epoch no: 3 | Epoch progress(%): 43.21 | Avg train loss: 2.9045 | Acc: 97.9102 91.4053 | Validation loss prev epoch 2.4306 | ETA(s): 1504
2019-06-03 23:41:26,698:INFO: Epoch no: 3 | Epoch progress(%): 44.93 | Avg train loss: 2.9202 | Acc: 97.8418 91.3418 | Validation loss prev epoch 2.4306 | ETA(s): 1461
2019-06-03 23:42:13,051:INFO: Epoch no: 3 | Epoch progress(%): 46.66 | Avg train loss: 2.9149 | Acc: 97.8584 91.2188 | Validation loss prev epoch 2.4306 | ETA(s): 1411
2019-06-03 23:42:59,613:INFO: Epoch no: 3 | Epoch progress(%): 48.39 | Avg train loss: 2.8877 | Acc: 97.9209 91.2734 | Validation loss prev epoch 2.4306 | ETA(s): 1371
2019-06-03 23:43:46,161:INFO: Epoch no: 3 | Epoch progress(%): 50.12 | Avg train loss: 2.9013 | Acc: 97.8408 91.1123 | Validation loss prev epoch 2.4306 | ETA(s): 1325
2019-06-03 23:44:32,538:INFO: Epoch no: 3 | Epoch progress(%): 51.85 | Avg train loss: 2.8959 | Acc: 97.8652 91.2920 | Validation loss prev epoch 2.4306 | ETA(s): 1274
2019-06-03 23:45:18,591:INFO: Epoch no: 3 | Epoch progress(%): 53.58 | Avg train loss: 2.8994 | Acc: 97.8271 91.2520 | Validation loss prev epoch 2.4306 | ETA(s): 1220
2019-06-03 23:46:04,931:INFO: Epoch no: 3 | Epoch progress(%): 55.31 | Avg train loss: 2.9109 | Acc: 97.8389 91.4453 | Validation loss prev epoch 2.4306 | ETA(s): 1182
2019-06-03 23:46:51,087:INFO: Epoch no: 3 | Epoch progress(%): 57.04 | Avg train loss: 2.9063 | Acc: 97.7969 91.4121 | Validation loss prev epoch 2.4306 | ETA(s): 1132
2019-06-03 23:47:37,143:INFO: Epoch no: 3 | Epoch progress(%): 58.77 | Avg train loss: 2.9097 | Acc: 97.8779 91.3232 | Validation loss prev epoch 2.4306 | ETA(s): 1083
2019-06-03 23:48:23,110:INFO: Epoch no: 3 | Epoch progress(%): 60.49 | Avg train loss: 2.9046 | Acc: 97.9277 91.3838 | Validation loss prev epoch 2.4306 | ETA(s): 1036
2019-06-03 23:49:09,815:INFO: Epoch no: 3 | Epoch progress(%): 62.22 | Avg train loss: 2.9131 | Acc: 97.8428 91.3418 | Validation loss prev epoch 2.4306 | ETA(s): 1007
2019-06-03 23:49:56,125:INFO: Epoch no: 3 | Epoch progress(%): 63.95 | Avg train loss: 2.9097 | Acc: 97.8652 91.3662 | Validation loss prev epoch 2.4306 | ETA(s): 952
2019-06-03 23:50:42,537:INFO: Epoch no: 3 | Epoch progress(%): 65.68 | Avg train loss: 2.9189 | Acc: 97.8906 91.2393 | Validation loss prev epoch 2.4306 | ETA(s): 909
2019-06-03 23:51:29,033:INFO: Epoch no: 3 | Epoch progress(%): 67.41 | Avg train loss: 2.8987 | Acc: 97.8789 91.5566 | Validation loss prev epoch 2.4306 | ETA(s): 864
2019-06-03 23:52:15,683:INFO: Epoch no: 3 | Epoch progress(%): 69.14 | Avg train loss: 2.8986 | Acc: 97.9170 91.5029 | Validation loss prev epoch 2.4306 | ETA(s): 821
2019-06-03 23:53:02,315:INFO: Epoch no: 3 | Epoch progress(%): 70.87 | Avg train loss: 2.9050 | Acc: 97.9473 91.4717 | Validation loss prev epoch 2.4306 | ETA(s): 775
2019-06-03 23:53:48,571:INFO: Epoch no: 3 | Epoch progress(%): 72.60 | Avg train loss: 2.9119 | Acc: 97.8613 91.3525 | Validation loss prev epoch 2.4306 | ETA(s): 723
2019-06-03 23:54:35,708:INFO: Epoch no: 3 | Epoch progress(%): 74.33 | Avg train loss: 2.9021 | Acc: 97.9326 91.1133 | Validation loss prev epoch 2.4306 | ETA(s): 690
2019-06-03 23:55:22,404:INFO: Epoch no: 3 | Epoch progress(%): 76.05 | Avg train loss: 2.9051 | Acc: 97.8340 91.4043 | Validation loss prev epoch 2.4306 | ETA(s): 638
2019-06-03 23:56:08,999:INFO: Epoch no: 3 | Epoch progress(%): 77.78 | Avg train loss: 2.9032 | Acc: 97.8799 91.5723 | Validation loss prev epoch 2.4306 | ETA(s): 590
2019-06-03 23:56:55,286:INFO: Epoch no: 3 | Epoch progress(%): 79.51 | Avg train loss: 2.9126 | Acc: 97.8330 91.3184 | Validation loss prev epoch 2.4306 | ETA(s): 541
2019-06-03 23:57:41,854:INFO: Epoch no: 3 | Epoch progress(%): 81.24 | Avg train loss: 2.9031 | Acc: 97.8633 91.4238 | Validation loss prev epoch 2.4306 | ETA(s): 498
2019-06-03 23:58:27,281:INFO: Epoch no: 3 | Epoch progress(%): 82.97 | Avg train loss: 2.8946 | Acc: 97.8623 91.4346 | Validation loss prev epoch 2.4306 | ETA(s): 441
2019-06-03 23:59:14,626:INFO: Epoch no: 3 | Epoch progress(%): 84.70 | Avg train loss: 2.9128 | Acc: 97.8203 91.4268 | Validation loss prev epoch 2.4306 | ETA(s): 413
2019-06-04 00:00:01,407:INFO: Epoch no: 3 | Epoch progress(%): 86.43 | Avg train loss: 2.8897 | Acc: 97.8867 91.2979 | Validation loss prev epoch 2.4306 | ETA(s): 362
2019-06-04 00:00:48,382:INFO: Epoch no: 3 | Epoch progress(%): 88.16 | Avg train loss: 2.9071 | Acc: 97.8936 91.3779 | Validation loss prev epoch 2.4306 | ETA(s): 317
2019-06-04 00:01:34,717:INFO: Epoch no: 3 | Epoch progress(%): 89.89 | Avg train loss: 2.9108 | Acc: 97.8105 91.4541 | Validation loss prev epoch 2.4306 | ETA(s): 267
2019-06-04 00:02:20,875:INFO: Epoch no: 3 | Epoch progress(%): 91.61 | Avg train loss: 2.9002 | Acc: 97.8916 91.4551 | Validation loss prev epoch 2.4306 | ETA(s): 221
2019-06-04 00:03:07,109:INFO: Epoch no: 3 | Epoch progress(%): 93.34 | Avg train loss: 2.9126 | Acc: 97.8633 91.3262 | Validation loss prev epoch 2.4306 | ETA(s): 175
2019-06-04 00:03:53,420:INFO: Epoch no: 3 | Epoch progress(%): 95.07 | Avg train loss: 2.9032 | Acc: 97.8271 91.4893 | Validation loss prev epoch 2.4306 | ETA(s): 130
2019-06-04 00:04:40,325:INFO: Epoch no: 3 | Epoch progress(%): 96.80 | Avg train loss: 2.9052 | Acc: 97.8926 91.6318 | Validation loss prev epoch 2.4306 | ETA(s): 85
2019-06-04 00:05:27,169:INFO: Epoch no: 3 | Epoch progress(%): 98.53 | Avg train loss: 2.9013 | Acc: 97.8506 91.4834 | Validation loss prev epoch 2.4306 | ETA(s): 39
2019-06-04 00:06:05,996:INFO: Epoch 3 complete. Calculating validation loss...
2019-06-04 00:17:45,527:INFO: Validation loss : 2.3679 | Val Acc: 98.1685 89.1647
2019-06-04 00:17:45,650:INFO: - Found new best val_loss
2019-06-04 00:17:45,650:INFO: Epoch 4/8
2019-06-04 00:18:36,349:INFO: Epoch no: 4 | Epoch progress(%): 1.71 | Avg train loss: 2.9204 | Acc: 97.8164 91.2852 | Validation loss prev epoch 2.3679 | ETA(s): 2671
2019-06-04 00:19:23,083:INFO: Epoch no: 4 | Epoch progress(%): 3.44 | Avg train loss: 2.9033 | Acc: 97.9277 91.4043 | Validation loss prev epoch 2.3679 | ETA(s): 2576
2019-06-04 00:20:09,087:INFO: Epoch no: 4 | Epoch progress(%): 5.17 | Avg train loss: 2.8920 | Acc: 97.9004 91.5469 | Validation loss prev epoch 2.3679 | ETA(s): 2491
2019-06-04 00:20:55,522:INFO: Epoch no: 4 | Epoch progress(%): 6.90 | Avg train loss: 2.9057 | Acc: 97.9531 91.4189 | Validation loss prev epoch 2.3679 | ETA(s): 2467
2019-06-04 00:21:41,526:INFO: Epoch no: 4 | Epoch progress(%): 8.63 | Avg train loss: 2.8885 | Acc: 97.8174 91.4922 | Validation loss prev epoch 2.3679 | ETA(s): 2400
2019-06-04 00:22:28,088:INFO: Epoch no: 4 | Epoch progress(%): 10.36 | Avg train loss: 2.9055 | Acc: 97.9180 91.4053 | Validation loss prev epoch 2.3679 | ETA(s): 2382
2019-06-04 00:23:14,734:INFO: Epoch no: 4 | Epoch progress(%): 12.08 | Avg train loss: 2.8878 | Acc: 97.8857 91.3418 | Validation loss prev epoch 2.3679 | ETA(s): 2340
2019-06-04 00:24:01,814:INFO: Epoch no: 4 | Epoch progress(%): 13.81 | Avg train loss: 2.9043 | Acc: 97.9219 91.6123 | Validation loss prev epoch 2.3679 | ETA(s): 2315
2019-06-04 00:24:47,927:INFO: Epoch no: 4 | Epoch progress(%): 15.54 | Avg train loss: 2.8932 | Acc: 97.8848 91.5156 | Validation loss prev epoch 2.3679 | ETA(s): 2223
2019-06-04 00:25:34,049:INFO: Epoch no: 4 | Epoch progress(%): 17.27 | Avg train loss: 2.9011 | Acc: 97.9541 91.6465 | Validation loss prev epoch 2.3679 | ETA(s): 2177
2019-06-04 00:26:20,609:INFO: Epoch no: 4 | Epoch progress(%): 19.00 | Avg train loss: 2.8967 | Acc: 97.8730 91.6660 | Validation loss prev epoch 2.3679 | ETA(s): 2152
2019-06-04 00:27:07,678:INFO: Epoch no: 4 | Epoch progress(%): 20.73 | Avg train loss: 2.8958 | Acc: 97.9023 91.4697 | Validation loss prev epoch 2.3679 | ETA(s): 2130
2019-06-04 00:27:54,247:INFO: Epoch no: 4 | Epoch progress(%): 22.46 | Avg train loss: 2.8953 | Acc: 97.8955 91.3730 | Validation loss prev epoch 2.3679 | ETA(s): 2061
2019-06-04 00:28:40,519:INFO: Epoch no: 4 | Epoch progress(%): 24.19 | Avg train loss: 2.8973 | Acc: 97.8301 91.5137 | Validation loss prev epoch 2.3679 | ETA(s): 2002
2019-06-04 00:29:26,968:INFO: Epoch no: 4 | Epoch progress(%): 25.92 | Avg train loss: 2.8884 | Acc: 97.8232 91.5322 | Validation loss prev epoch 2.3679 | ETA(s): 1964
2019-06-04 00:30:13,251:INFO: Epoch no: 4 | Epoch progress(%): 27.64 | Avg train loss: 2.8866 | Acc: 97.9170 91.5596 | Validation loss prev epoch 2.3679 | ETA(s): 1910
2019-06-04 00:31:00,131:INFO: Epoch no: 4 | Epoch progress(%): 29.37 | Avg train loss: 2.8830 | Acc: 97.9248 91.4268 | Validation loss prev epoch 2.3679 | ETA(s): 1890
2019-06-04 00:31:47,045:INFO: Epoch no: 4 | Epoch progress(%): 31.10 | Avg train loss: 2.8905 | Acc: 97.8037 91.5430 | Validation loss prev epoch 2.3679 | ETA(s): 1845
2019-06-04 00:32:33,348:INFO: Epoch no: 4 | Epoch progress(%): 32.83 | Avg train loss: 2.8925 | Acc: 97.8984 91.5244 | Validation loss prev epoch 2.3679 | ETA(s): 1775
2019-06-04 00:33:19,706:INFO: Epoch no: 4 | Epoch progress(%): 34.56 | Avg train loss: 2.8951 | Acc: 97.9707 91.5811 | Validation loss prev epoch 2.3679 | ETA(s): 1731
2019-06-04 00:34:06,234:INFO: Epoch no: 4 | Epoch progress(%): 36.29 | Avg train loss: 2.8943 | Acc: 97.9072 91.3857 | Validation loss prev epoch 2.3679 | ETA(s): 1692
2019-06-04 00:34:53,356:INFO: Epoch no: 4 | Epoch progress(%): 38.02 | Avg train loss: 2.8943 | Acc: 97.8896 91.4893 | Validation loss prev epoch 2.3679 | ETA(s): 1666
2019-06-04 00:35:40,233:INFO: Epoch no: 4 | Epoch progress(%): 39.75 | Avg train loss: 2.8979 | Acc: 97.8203 91.5225 | Validation loss prev epoch 2.3679 | ETA(s): 1612
2019-06-04 00:36:26,762:INFO: Epoch no: 4 | Epoch progress(%): 41.48 | Avg train loss: 2.8850 | Acc: 97.9238 91.3359 | Validation loss prev epoch 2.3679 | ETA(s): 1554
2019-06-04 00:37:12,574:INFO: Epoch no: 4 | Epoch progress(%): 43.21 | Avg train loss: 2.9023 | Acc: 97.8232 91.5635 | Validation loss prev epoch 2.3679 | ETA(s): 1485
2019-06-04 00:37:59,018:INFO: Epoch no: 4 | Epoch progress(%): 44.93 | Avg train loss: 2.8822 | Acc: 97.8740 91.4453 | Validation loss prev epoch 2.3679 | ETA(s): 1460
2019-06-04 00:38:45,575:INFO: Epoch no: 4 | Epoch progress(%): 46.66 | Avg train loss: 2.8903 | Acc: 97.8223 91.4111 | Validation loss prev epoch 2.3679 | ETA(s): 1416
2019-06-04 00:39:31,687:INFO: Epoch no: 4 | Epoch progress(%): 48.39 | Avg train loss: 2.8939 | Acc: 97.8613 91.4141 | Validation loss prev epoch 2.3679 | ETA(s): 1358
2019-06-04 00:40:17,829:INFO: Epoch no: 4 | Epoch progress(%): 50.12 | Avg train loss: 2.8871 | Acc: 97.9375 91.4922 | Validation loss prev epoch 2.3679 | ETA(s): 1314
2019-06-04 00:41:04,732:INFO: Epoch no: 4 | Epoch progress(%): 51.85 | Avg train loss: 2.9006 | Acc: 97.8770 91.3584 | Validation loss prev epoch 2.3679 | ETA(s): 1288
2019-06-04 00:41:51,413:INFO: Epoch no: 4 | Epoch progress(%): 53.58 | Avg train loss: 2.8769 | Acc: 97.8848 91.4355 | Validation loss prev epoch 2.3679 | ETA(s): 1237
2019-06-04 00:42:37,501:INFO: Epoch no: 4 | Epoch progress(%): 55.31 | Avg train loss: 2.8984 | Acc: 97.9043 91.3027 | Validation loss prev epoch 2.3679 | ETA(s): 1175
2019-06-04 00:43:24,140:INFO: Epoch no: 4 | Epoch progress(%): 57.04 | Avg train loss: 2.8935 | Acc: 97.8486 91.5088 | Validation loss prev epoch 2.3679 | ETA(s): 1143
2019-06-04 00:44:10,460:INFO: Epoch no: 4 | Epoch progress(%): 58.77 | Avg train loss: 2.8807 | Acc: 97.8984 91.5244 | Validation loss prev epoch 2.3679 | ETA(s): 1090
2019-06-04 00:44:56,846:INFO: Epoch no: 4 | Epoch progress(%): 60.49 | Avg train loss: 2.8872 | Acc: 97.9033 91.6152 | Validation loss prev epoch 2.3679 | ETA(s): 1046
2019-06-04 00:45:43,639:INFO: Epoch no: 4 | Epoch progress(%): 62.22 | Avg train loss: 2.8865 | Acc: 97.8984 91.5303 | Validation loss prev epoch 2.3679 | ETA(s): 1009
2019-06-04 00:46:30,299:INFO: Epoch no: 4 | Epoch progress(%): 63.95 | Avg train loss: 2.8856 | Acc: 97.8604 91.4033 | Validation loss prev epoch 2.3679 | ETA(s): 960
2019-06-04 00:47:16,144:INFO: Epoch no: 4 | Epoch progress(%): 65.68 | Avg train loss: 2.8913 | Acc: 97.8965 91.4766 | Validation loss prev epoch 2.3679 | ETA(s): 898
2019-06-04 00:48:03,028:INFO: Epoch no: 4 | Epoch progress(%): 67.41 | Avg train loss: 2.8901 | Acc: 97.8330 91.5430 | Validation loss prev epoch 2.3679 | ETA(s): 872
2019-06-04 00:48:49,504:INFO: Epoch no: 4 | Epoch progress(%): 69.14 | Avg train loss: 2.8834 | Acc: 97.8535 91.2930 | Validation loss prev epoch 2.3679 | ETA(s): 818
2019-06-04 00:49:35,713:INFO: Epoch no: 4 | Epoch progress(%): 70.87 | Avg train loss: 2.8923 | Acc: 97.8154 91.3848 | Validation loss prev epoch 2.3679 | ETA(s): 768
2019-06-04 00:50:21,983:INFO: Epoch no: 4 | Epoch progress(%): 72.60 | Avg train loss: 2.8767 | Acc: 97.8848 91.4258 | Validation loss prev epoch 2.3679 | ETA(s): 723
2019-06-04 00:51:08,450:INFO: Epoch no: 4 | Epoch progress(%): 74.33 | Avg train loss: 2.8768 | Acc: 97.9326 91.5049 | Validation loss prev epoch 2.3679 | ETA(s): 681
2019-06-04 00:51:54,748:INFO: Epoch no: 4 | Epoch progress(%): 76.05 | Avg train loss: 2.8775 | Acc: 97.9268 91.4609 | Validation loss prev epoch 2.3679 | ETA(s): 632
2019-06-04 00:52:41,342:INFO: Epoch no: 4 | Epoch progress(%): 77.78 | Avg train loss: 2.8790 | Acc: 97.9531 91.3848 | Validation loss prev epoch 2.3679 | ETA(s): 590
2019-06-04 00:53:27,332:INFO: Epoch no: 4 | Epoch progress(%): 79.51 | Avg train loss: 2.8988 | Acc: 97.8623 91.5527 | Validation loss prev epoch 2.3679 | ETA(s): 537
2019-06-04 00:54:14,192:INFO: Epoch no: 4 | Epoch progress(%): 81.24 | Avg train loss: 2.8909 | Acc: 97.8643 91.4727 | Validation loss prev epoch 2.3679 | ETA(s): 501
2019-06-04 00:55:00,213:INFO: Epoch no: 4 | Epoch progress(%): 82.97 | Avg train loss: 2.8772 | Acc: 97.9180 91.5830 | Validation loss prev epoch 2.3679 | ETA(s): 447
2019-06-04 00:55:46,561:INFO: Epoch no: 4 | Epoch progress(%): 84.70 | Avg train loss: 2.8725 | Acc: 97.9766 91.6318 | Validation loss prev epoch 2.3679 | ETA(s): 404
2019-06-04 00:56:32,508:INFO: Epoch no: 4 | Epoch progress(%): 86.43 | Avg train loss: 2.8719 | Acc: 97.8896 91.5957 | Validation loss prev epoch 2.3679 | ETA(s): 355
2019-06-04 00:57:18,762:INFO: Epoch no: 4 | Epoch progress(%): 88.16 | Avg train loss: 2.8791 | Acc: 97.9268 91.3877 | Validation loss prev epoch 2.3679 | ETA(s): 312
2019-06-04 00:58:04,477:INFO: Epoch no: 4 | Epoch progress(%): 89.89 | Avg train loss: 2.8872 | Acc: 97.9814 91.5254 | Validation loss prev epoch 2.3679 | ETA(s): 263
2019-06-04 00:58:50,832:INFO: Epoch no: 4 | Epoch progress(%): 91.61 | Avg train loss: 2.8802 | Acc: 97.8242 91.4082 | Validation loss prev epoch 2.3679 | ETA(s): 221
2019-06-04 00:59:36,877:INFO: Epoch no: 4 | Epoch progress(%): 93.34 | Avg train loss: 2.8723 | Acc: 97.8691 91.6016 | Validation loss prev epoch 2.3679 | ETA(s): 174
2019-06-04 01:00:23,108:INFO: Epoch no: 4 | Epoch progress(%): 95.07 | Avg train loss: 2.8901 | Acc: 97.8945 91.5508 | Validation loss prev epoch 2.3679 | ETA(s): 130
2019-06-04 01:01:09,517:INFO: Epoch no: 4 | Epoch progress(%): 96.80 | Avg train loss: 2.8701 | Acc: 98.0117 91.4355 | Validation loss prev epoch 2.3679 | ETA(s): 84
2019-06-04 01:01:55,862:INFO: Epoch no: 4 | Epoch progress(%): 98.53 | Avg train loss: 2.8848 | Acc: 97.8682 91.4570 | Validation loss prev epoch 2.3679 | ETA(s): 38
2019-06-04 01:02:34,429:INFO: Epoch 4 complete. Calculating validation loss...
2019-06-04 01:14:03,722:INFO: Validation loss : 2.5096 | Val Acc: 98.2198 89.2884
2019-06-04 01:14:03,795:INFO: Epoch 5/8
2019-06-04 01:14:54,039:INFO: Epoch no: 5 | Epoch progress(%): 1.71 | Avg train loss: 2.8852 | Acc: 97.9600 91.5693 | Validation loss prev epoch 2.5096 | ETA(s): 2647
2019-06-04 01:15:40,315:INFO: Epoch no: 5 | Epoch progress(%): 3.44 | Avg train loss: 2.8686 | Acc: 97.9180 91.5000 | Validation loss prev epoch 2.5096 | ETA(s): 2550
2019-06-04 01:16:26,877:INFO: Epoch no: 5 | Epoch progress(%): 5.17 | Avg train loss: 2.8775 | Acc: 97.9072 91.6602 | Validation loss prev epoch 2.5096 | ETA(s): 2520
2019-06-04 01:17:13,182:INFO: Epoch no: 5 | Epoch progress(%): 6.90 | Avg train loss: 2.9477 | Acc: 97.8477 91.4541 | Validation loss prev epoch 2.5096 | ETA(s): 2461
2019-06-04 01:17:59,255:INFO: Epoch no: 5 | Epoch progress(%): 8.63 | Avg train loss: 2.8901 | Acc: 98.0244 91.6357 | Validation loss prev epoch 2.5096 | ETA(s): 2403
2019-06-04 01:18:45,354:INFO: Epoch no: 5 | Epoch progress(%): 10.36 | Avg train loss: 2.8871 | Acc: 97.8818 91.4443 | Validation loss prev epoch 2.5096 | ETA(s): 2358
2019-06-04 01:19:32,082:INFO: Epoch no: 5 | Epoch progress(%): 12.08 | Avg train loss: 2.8780 | Acc: 97.8398 91.6533 | Validation loss prev epoch 2.5096 | ETA(s): 2344
2019-06-04 01:20:18,512:INFO: Epoch no: 5 | Epoch progress(%): 13.81 | Avg train loss: 2.8737 | Acc: 97.9551 91.6387 | Validation loss prev epoch 2.5096 | ETA(s): 2284
2019-06-04 01:21:04,972:INFO: Epoch no: 5 | Epoch progress(%): 15.54 | Avg train loss: 2.8942 | Acc: 97.9092 91.6025 | Validation loss prev epoch 2.5096 | ETA(s): 2240
2019-06-04 01:21:51,690:INFO: Epoch no: 5 | Epoch progress(%): 17.27 | Avg train loss: 2.8768 | Acc: 97.9043 91.4648 | Validation loss prev epoch 2.5096 | ETA(s): 2205
2019-06-04 01:22:38,144:INFO: Epoch no: 5 | Epoch progress(%): 19.00 | Avg train loss: 2.8927 | Acc: 97.8379 91.4736 | Validation loss prev epoch 2.5096 | ETA(s): 2148
2019-06-04 01:23:24,573:INFO: Epoch no: 5 | Epoch progress(%): 20.73 | Avg train loss: 2.8697 | Acc: 97.9346 91.3789 | Validation loss prev epoch 2.5096 | ETA(s): 2101
2019-06-04 01:24:11,050:INFO: Epoch no: 5 | Epoch progress(%): 22.46 | Avg train loss: 2.8884 | Acc: 97.9131 91.6074 | Validation loss prev epoch 2.5096 | ETA(s): 2057
2019-06-04 01:24:57,635:INFO: Epoch no: 5 | Epoch progress(%): 24.19 | Avg train loss: 2.8752 | Acc: 97.8789 91.7715 | Validation loss prev epoch 2.5096 | ETA(s): 2015
2019-06-04 01:25:44,302:INFO: Epoch no: 5 | Epoch progress(%): 25.92 | Avg train loss: 2.8780 | Acc: 97.9121 91.6973 | Validation loss prev epoch 2.5096 | ETA(s): 1973
2019-06-04 01:26:29,725:INFO: Epoch no: 5 | Epoch progress(%): 27.64 | Avg train loss: 2.8718 | Acc: 97.9277 91.4277 | Validation loss prev epoch 2.5096 | ETA(s): 1876
2019-06-04 01:27:16,816:INFO: Epoch no: 5 | Epoch progress(%): 29.37 | Avg train loss: 2.8716 | Acc: 97.8975 91.6680 | Validation loss prev epoch 2.5096 | ETA(s): 1898
2019-06-04 01:28:03,267:INFO: Epoch no: 5 | Epoch progress(%): 31.10 | Avg train loss: 2.8880 | Acc: 97.8965 91.4951 | Validation loss prev epoch 2.5096 | ETA(s): 1826
2019-06-04 01:28:49,398:INFO: Epoch no: 5 | Epoch progress(%): 32.83 | Avg train loss: 2.8802 | Acc: 97.8955 91.5732 | Validation loss prev epoch 2.5096 | ETA(s): 1768
2019-06-04 01:29:35,929:INFO: Epoch no: 5 | Epoch progress(%): 34.56 | Avg train loss: 2.8738 | Acc: 97.9170 91.5342 | Validation loss prev epoch 2.5096 | ETA(s): 1738
2019-06-04 01:30:22,421:INFO: Epoch no: 5 | Epoch progress(%): 36.29 | Avg train loss: 2.8675 | Acc: 97.8994 91.6641 | Validation loss prev epoch 2.5096 | ETA(s): 1690
2019-06-04 01:31:08,182:INFO: Epoch no: 5 | Epoch progress(%): 38.02 | Avg train loss: 2.8754 | Acc: 97.9688 91.6064 | Validation loss prev epoch 2.5096 | ETA(s): 1619
2019-06-04 01:31:55,083:INFO: Epoch no: 5 | Epoch progress(%): 39.75 | Avg train loss: 2.8833 | Acc: 97.9180 91.4023 | Validation loss prev epoch 2.5096 | ETA(s): 1612
2019-06-04 01:32:41,465:INFO: Epoch no: 5 | Epoch progress(%): 41.48 | Avg train loss: 2.8662 | Acc: 97.9541 91.5801 | Validation loss prev epoch 2.5096 | ETA(s): 1549
2019-06-04 01:33:27,789:INFO: Epoch no: 5 | Epoch progress(%): 43.21 | Avg train loss: 2.8802 | Acc: 97.8594 91.5566 | Validation loss prev epoch 2.5096 | ETA(s): 1502
2019-06-04 01:34:14,781:INFO: Epoch no: 5 | Epoch progress(%): 44.93 | Avg train loss: 2.8715 | Acc: 97.8955 91.5625 | Validation loss prev epoch 2.5096 | ETA(s): 1477
2019-06-04 01:35:01,572:INFO: Epoch no: 5 | Epoch progress(%): 46.66 | Avg train loss: 2.8935 | Acc: 97.9170 91.4014 | Validation loss prev epoch 2.5096 | ETA(s): 1424
2019-06-04 01:35:47,835:INFO: Epoch no: 5 | Epoch progress(%): 48.39 | Avg train loss: 2.8769 | Acc: 97.9023 91.5713 | Validation loss prev epoch 2.5096 | ETA(s): 1363
2019-06-04 01:36:34,169:INFO: Epoch no: 5 | Epoch progress(%): 50.12 | Avg train loss: 2.8852 | Acc: 97.8281 91.6826 | Validation loss prev epoch 2.5096 | ETA(s): 1319
2019-06-04 01:37:21,270:INFO: Epoch no: 5 | Epoch progress(%): 51.85 | Avg train loss: 2.8724 | Acc: 97.9600 91.6357 | Validation loss prev epoch 2.5096 | ETA(s): 1294
2019-06-04 01:38:07,953:INFO: Epoch no: 5 | Epoch progress(%): 53.58 | Avg train loss: 2.8938 | Acc: 98.0039 91.5723 | Validation loss prev epoch 2.5096 | ETA(s): 1237
2019-06-04 01:38:54,800:INFO: Epoch no: 5 | Epoch progress(%): 55.31 | Avg train loss: 2.8833 | Acc: 97.8916 91.6787 | Validation loss prev epoch 2.5096 | ETA(s): 1195
2019-06-04 01:39:41,181:INFO: Epoch no: 5 | Epoch progress(%): 57.04 | Avg train loss: 2.8687 | Acc: 97.9180 91.5557 | Validation loss prev epoch 2.5096 | ETA(s): 1137
2019-06-04 01:40:27,749:INFO: Epoch no: 5 | Epoch progress(%): 58.77 | Avg train loss: 2.8813 | Acc: 97.9111 91.4951 | Validation loss prev epoch 2.5096 | ETA(s): 1096
2019-06-04 01:41:13,923:INFO: Epoch no: 5 | Epoch progress(%): 60.49 | Avg train loss: 2.8726 | Acc: 97.8838 91.4434 | Validation loss prev epoch 2.5096 | ETA(s): 1041
2019-06-04 01:42:00,116:INFO: Epoch no: 5 | Epoch progress(%): 62.22 | Avg train loss: 2.8735 | Acc: 97.9092 91.7178 | Validation loss prev epoch 2.5096 | ETA(s): 996
2019-06-04 01:42:46,931:INFO: Epoch no: 5 | Epoch progress(%): 63.95 | Avg train loss: 2.8612 | Acc: 97.9590 91.6660 | Validation loss prev epoch 2.5096 | ETA(s): 963
2019-06-04 01:43:33,223:INFO: Epoch no: 5 | Epoch progress(%): 65.68 | Avg train loss: 2.8691 | Acc: 97.9248 91.8018 | Validation loss prev epoch 2.5096 | ETA(s): 907
2019-06-04 01:44:19,583:INFO: Epoch no: 5 | Epoch progress(%): 67.41 | Avg train loss: 2.8647 | Acc: 97.9297 91.5586 | Validation loss prev epoch 2.5096 | ETA(s): 862
2019-06-04 01:45:05,769:INFO: Epoch no: 5 | Epoch progress(%): 69.14 | Avg train loss: 2.8648 | Acc: 97.9502 91.5469 | Validation loss prev epoch 2.5096 | ETA(s): 813
2019-06-04 01:45:52,159:INFO: Epoch no: 5 | Epoch progress(%): 70.87 | Avg train loss: 2.8797 | Acc: 97.8828 91.6719 | Validation loss prev epoch 2.5096 | ETA(s): 771
2019-06-04 01:46:38,255:INFO: Epoch no: 5 | Epoch progress(%): 72.60 | Avg train loss: 2.8787 | Acc: 97.9297 91.5234 | Validation loss prev epoch 2.5096 | ETA(s): 721
2019-06-04 01:47:24,341:INFO: Epoch no: 5 | Epoch progress(%): 74.33 | Avg train loss: 2.8737 | Acc: 97.9727 91.7510 | Validation loss prev epoch 2.5096 | ETA(s): 675
2019-06-04 01:48:10,950:INFO: Epoch no: 5 | Epoch progress(%): 76.05 | Avg train loss: 2.8705 | Acc: 97.9443 91.6777 | Validation loss prev epoch 2.5096 | ETA(s): 637
2019-06-04 01:48:56,915:INFO: Epoch no: 5 | Epoch progress(%): 77.78 | Avg train loss: 2.8692 | Acc: 97.9004 91.6348 | Validation loss prev epoch 2.5096 | ETA(s): 582
2019-06-04 01:49:43,366:INFO: Epoch no: 5 | Epoch progress(%): 79.51 | Avg train loss: 2.8877 | Acc: 97.9238 91.5449 | Validation loss prev epoch 2.5096 | ETA(s): 543
2019-06-04 01:50:29,815:INFO: Epoch no: 5 | Epoch progress(%): 81.24 | Avg train loss: 2.8830 | Acc: 97.9287 91.4814 | Validation loss prev epoch 2.5096 | ETA(s): 497
2019-06-04 01:51:16,405:INFO: Epoch no: 5 | Epoch progress(%): 82.97 | Avg train loss: 2.8815 | Acc: 97.8779 91.4834 | Validation loss prev epoch 2.5096 | ETA(s): 452
2019-06-04 01:52:02,715:INFO: Epoch no: 5 | Epoch progress(%): 84.70 | Avg train loss: 2.8686 | Acc: 97.9336 91.5020 | Validation loss prev epoch 2.5096 | ETA(s): 404
2019-06-04 01:52:49,153:INFO: Epoch no: 5 | Epoch progress(%): 86.43 | Avg train loss: 2.8629 | Acc: 97.9463 91.6514 | Validation loss prev epoch 2.5096 | ETA(s): 359
2019-06-04 01:53:35,708:INFO: Epoch no: 5 | Epoch progress(%): 88.16 | Avg train loss: 2.8689 | Acc: 97.9346 91.4131 | Validation loss prev epoch 2.5096 | ETA(s): 314
2019-06-04 01:54:22,398:INFO: Epoch no: 5 | Epoch progress(%): 89.89 | Avg train loss: 2.8772 | Acc: 97.9238 91.6045 | Validation loss prev epoch 2.5096 | ETA(s): 269
2019-06-04 01:55:08,817:INFO: Epoch no: 5 | Epoch progress(%): 91.61 | Avg train loss: 2.8725 | Acc: 97.8516 91.6133 | Validation loss prev epoch 2.5096 | ETA(s): 222
2019-06-04 01:55:55,678:INFO: Epoch no: 5 | Epoch progress(%): 93.34 | Avg train loss: 2.8661 | Acc: 97.9541 91.6445 | Validation loss prev epoch 2.5096 | ETA(s): 178
2019-06-04 01:56:42,091:INFO: Epoch no: 5 | Epoch progress(%): 95.07 | Avg train loss: 2.8724 | Acc: 97.8975 91.7012 | Validation loss prev epoch 2.5096 | ETA(s): 130
2019-06-04 01:57:28,446:INFO: Epoch no: 5 | Epoch progress(%): 96.80 | Avg train loss: 2.8812 | Acc: 97.9561 91.5244 | Validation loss prev epoch 2.5096 | ETA(s): 84
2019-06-04 01:58:15,210:INFO: Epoch no: 5 | Epoch progress(%): 98.53 | Avg train loss: 2.8577 | Acc: 97.8936 91.6016 | Validation loss prev epoch 2.5096 | ETA(s): 39
2019-06-04 01:58:54,339:INFO: Epoch 5 complete. Calculating validation loss...
2019-06-04 02:10:28,264:INFO: Validation loss : 2.3908 | Val Acc: 98.2431 89.3997
2019-06-04 02:10:28,337:INFO: Epoch 6/8
2019-06-04 02:11:18,514:INFO: Epoch no: 6 | Epoch progress(%): 1.71 | Avg train loss: 2.8631 | Acc: 98.0068 91.5938 | Validation loss prev epoch 2.3908 | ETA(s): 2643
2019-06-04 02:12:05,142:INFO: Epoch no: 6 | Epoch progress(%): 3.44 | Avg train loss: 2.8683 | Acc: 97.9521 91.6562 | Validation loss prev epoch 2.3908 | ETA(s): 2570
2019-06-04 02:12:51,290:INFO: Epoch no: 6 | Epoch progress(%): 5.17 | Avg train loss: 2.8566 | Acc: 97.9131 91.7246 | Validation loss prev epoch 2.3908 | ETA(s): 2498
2019-06-04 02:13:37,655:INFO: Epoch no: 6 | Epoch progress(%): 6.90 | Avg train loss: 2.8659 | Acc: 97.9570 91.6289 | Validation loss prev epoch 2.3908 | ETA(s): 2464
2019-06-04 02:14:24,129:INFO: Epoch no: 6 | Epoch progress(%): 8.63 | Avg train loss: 2.8691 | Acc: 97.8320 91.7129 | Validation loss prev epoch 2.3908 | ETA(s): 2424
2019-06-04 02:15:10,103:INFO: Epoch no: 6 | Epoch progress(%): 10.36 | Avg train loss: 2.8608 | Acc: 97.9346 91.6777 | Validation loss prev epoch 2.3908 | ETA(s): 2352
2019-06-04 02:15:56,940:INFO: Epoch no: 6 | Epoch progress(%): 12.08 | Avg train loss: 2.8733 | Acc: 97.8818 91.4775 | Validation loss prev epoch 2.3908 | ETA(s): 2349
2019-06-04 02:16:43,627:INFO: Epoch no: 6 | Epoch progress(%): 13.81 | Avg train loss: 2.8848 | Acc: 97.9746 91.7148 | Validation loss prev epoch 2.3908 | ETA(s): 2296
2019-06-04 02:17:30,144:INFO: Epoch no: 6 | Epoch progress(%): 15.54 | Avg train loss: 2.8802 | Acc: 97.8906 91.6895 | Validation loss prev epoch 2.3908 | ETA(s): 2243
2019-06-04 02:18:16,689:INFO: Epoch no: 6 | Epoch progress(%): 17.27 | Avg train loss: 2.8532 | Acc: 97.9561 91.7080 | Validation loss prev epoch 2.3908 | ETA(s): 2198
2019-06-04 02:19:03,416:INFO: Epoch no: 6 | Epoch progress(%): 19.00 | Avg train loss: 2.8785 | Acc: 97.9336 91.6143 | Validation loss prev epoch 2.3908 | ETA(s): 2160
2019-06-04 02:19:50,118:INFO: Epoch no: 6 | Epoch progress(%): 20.73 | Avg train loss: 2.8590 | Acc: 97.8604 91.6641 | Validation loss prev epoch 2.3908 | ETA(s): 2112
2019-06-04 02:20:36,234:INFO: Epoch no: 6 | Epoch progress(%): 22.46 | Avg train loss: 2.8661 | Acc: 97.9395 91.5938 | Validation loss prev epoch 2.3908 | ETA(s): 2041
2019-06-04 02:21:22,568:INFO: Epoch no: 6 | Epoch progress(%): 24.19 | Avg train loss: 2.8824 | Acc: 97.8545 91.7012 | Validation loss prev epoch 2.3908 | ETA(s): 2004
2019-06-04 02:22:09,030:INFO: Epoch no: 6 | Epoch progress(%): 25.92 | Avg train loss: 2.9331 | Acc: 97.9736 91.6396 | Validation loss prev epoch 2.3908 | ETA(s): 1965
2019-06-04 02:22:55,693:INFO: Epoch no: 6 | Epoch progress(%): 27.64 | Avg train loss: 2.9668 | Acc: 97.9727 91.6250 | Validation loss prev epoch 2.3908 | ETA(s): 1927
2019-06-04 02:23:41,735:INFO: Epoch no: 6 | Epoch progress(%): 29.37 | Avg train loss: 2.9077 | Acc: 97.9717 91.8076 | Validation loss prev epoch 2.3908 | ETA(s): 1856
2019-06-04 02:24:27,833:INFO: Epoch no: 6 | Epoch progress(%): 31.10 | Avg train loss: 2.8845 | Acc: 97.9170 91.7402 | Validation loss prev epoch 2.3908 | ETA(s): 1813
2019-06-04 02:25:13,956:INFO: Epoch no: 6 | Epoch progress(%): 32.83 | Avg train loss: 2.9040 | Acc: 97.9521 91.7334 | Validation loss prev epoch 2.3908 | ETA(s): 1768
2019-06-04 02:26:00,008:INFO: Epoch no: 6 | Epoch progress(%): 34.56 | Avg train loss: 2.9119 | Acc: 97.9268 91.5635 | Validation loss prev epoch 2.3908 | ETA(s): 1720
2019-06-04 02:26:46,709:INFO: Epoch no: 6 | Epoch progress(%): 36.29 | Avg train loss: 2.8831 | Acc: 97.8633 91.7100 | Validation loss prev epoch 2.3908 | ETA(s): 1698
2019-06-04 02:27:32,514:INFO: Epoch no: 6 | Epoch progress(%): 38.02 | Avg train loss: 2.8720 | Acc: 97.9268 91.4492 | Validation loss prev epoch 2.3908 | ETA(s): 1620
2019-06-04 02:28:18,953:INFO: Epoch no: 6 | Epoch progress(%): 39.75 | Avg train loss: 2.8933 | Acc: 97.8936 91.4961 | Validation loss prev epoch 2.3908 | ETA(s): 1596
2019-06-04 02:29:05,285:INFO: Epoch no: 6 | Epoch progress(%): 41.48 | Avg train loss: 2.8935 | Acc: 97.9658 91.7891 | Validation loss prev epoch 2.3908 | ETA(s): 1547
2019-06-04 02:29:52,422:INFO: Epoch no: 6 | Epoch progress(%): 43.21 | Avg train loss: 2.8722 | Acc: 97.9346 91.6211 | Validation loss prev epoch 2.3908 | ETA(s): 1528
2019-06-04 02:30:38,410:INFO: Epoch no: 6 | Epoch progress(%): 44.93 | Avg train loss: 2.8689 | Acc: 97.9463 91.6748 | Validation loss prev epoch 2.3908 | ETA(s): 1445
2019-06-04 02:31:24,458:INFO: Epoch no: 6 | Epoch progress(%): 46.66 | Avg train loss: 2.8554 | Acc: 98.0000 91.7402 | Validation loss prev epoch 2.3908 | ETA(s): 1402
2019-06-04 02:32:10,399:INFO: Epoch no: 6 | Epoch progress(%): 48.39 | Avg train loss: 2.8781 | Acc: 97.9463 91.6309 | Validation loss prev epoch 2.3908 | ETA(s): 1353
2019-06-04 02:32:56,671:INFO: Epoch no: 6 | Epoch progress(%): 50.12 | Avg train loss: 2.8804 | Acc: 97.9307 91.6406 | Validation loss prev epoch 2.3908 | ETA(s): 1317
2019-06-04 02:33:43,269:INFO: Epoch no: 6 | Epoch progress(%): 51.85 | Avg train loss: 2.8588 | Acc: 97.9307 91.7354 | Validation loss prev epoch 2.3908 | ETA(s): 1281
2019-06-04 02:34:29,617:INFO: Epoch no: 6 | Epoch progress(%): 53.58 | Avg train loss: 2.8688 | Acc: 97.9668 91.6982 | Validation loss prev epoch 2.3908 | ETA(s): 1228
2019-06-04 02:35:16,202:INFO: Epoch no: 6 | Epoch progress(%): 55.31 | Avg train loss: 2.8623 | Acc: 97.9229 91.6172 | Validation loss prev epoch 2.3908 | ETA(s): 1188
2019-06-04 02:36:03,087:INFO: Epoch no: 6 | Epoch progress(%): 57.04 | Avg train loss: 2.8635 | Acc: 97.8467 91.5322 | Validation loss prev epoch 2.3908 | ETA(s): 1149
2019-06-04 02:36:49,814:INFO: Epoch no: 6 | Epoch progress(%): 58.77 | Avg train loss: 2.8564 | Acc: 97.9473 91.7373 | Validation loss prev epoch 2.3908 | ETA(s): 1099
2019-06-04 02:37:36,092:INFO: Epoch no: 6 | Epoch progress(%): 60.49 | Avg train loss: 2.8629 | Acc: 97.9043 91.5771 | Validation loss prev epoch 2.3908 | ETA(s): 1043
2019-06-04 02:38:22,237:INFO: Epoch no: 6 | Epoch progress(%): 62.22 | Avg train loss: 2.8690 | Acc: 97.9121 91.4590 | Validation loss prev epoch 2.3908 | ETA(s): 995
2019-06-04 02:39:08,579:INFO: Epoch no: 6 | Epoch progress(%): 63.95 | Avg train loss: 2.8607 | Acc: 97.9209 91.7061 | Validation loss prev epoch 2.3908 | ETA(s): 953
2019-06-04 02:39:55,298:INFO: Epoch no: 6 | Epoch progress(%): 65.68 | Avg train loss: 2.8594 | Acc: 97.9268 91.5898 | Validation loss prev epoch 2.3908 | ETA(s): 915
2019-06-04 02:40:42,154:INFO: Epoch no: 6 | Epoch progress(%): 67.41 | Avg train loss: 2.8491 | Acc: 97.9551 91.6191 | Validation loss prev epoch 2.3908 | ETA(s): 871
2019-06-04 02:41:28,292:INFO: Epoch no: 6 | Epoch progress(%): 69.14 | Avg train loss: 2.8652 | Acc: 98.0264 91.6855 | Validation loss prev epoch 2.3908 | ETA(s): 812
2019-06-04 02:42:14,342:INFO: Epoch no: 6 | Epoch progress(%): 70.87 | Avg train loss: 2.8521 | Acc: 97.9551 91.5898 | Validation loss prev epoch 2.3908 | ETA(s): 765
2019-06-04 02:43:01,029:INFO: Epoch no: 6 | Epoch progress(%): 72.60 | Avg train loss: 2.8618 | Acc: 97.8350 91.6660 | Validation loss prev epoch 2.3908 | ETA(s): 730
2019-06-04 02:43:47,233:INFO: Epoch no: 6 | Epoch progress(%): 74.33 | Avg train loss: 2.8611 | Acc: 97.8545 91.4229 | Validation loss prev epoch 2.3908 | ETA(s): 677
2019-06-04 02:44:33,442:INFO: Epoch no: 6 | Epoch progress(%): 76.05 | Avg train loss: 2.8513 | Acc: 97.9180 91.7578 | Validation loss prev epoch 2.3908 | ETA(s): 631
2019-06-04 02:45:19,784:INFO: Epoch no: 6 | Epoch progress(%): 77.78 | Avg train loss: 2.8668 | Acc: 97.8867 91.7012 | Validation loss prev epoch 2.3908 | ETA(s): 587
2019-06-04 02:46:06,235:INFO: Epoch no: 6 | Epoch progress(%): 79.51 | Avg train loss: 2.8580 | Acc: 97.9209 91.7148 | Validation loss prev epoch 2.3908 | ETA(s): 543
2019-06-04 02:46:52,597:INFO: Epoch no: 6 | Epoch progress(%): 81.24 | Avg train loss: 2.8466 | Acc: 97.9385 91.7383 | Validation loss prev epoch 2.3908 | ETA(s): 496
2019-06-04 02:47:38,862:INFO: Epoch no: 6 | Epoch progress(%): 82.97 | Avg train loss: 2.8595 | Acc: 97.9707 91.8389 | Validation loss prev epoch 2.3908 | ETA(s): 449
2019-06-04 02:48:25,099:INFO: Epoch no: 6 | Epoch progress(%): 84.70 | Avg train loss: 2.8675 | Acc: 97.8828 91.6641 | Validation loss prev epoch 2.3908 | ETA(s): 403
2019-06-04 02:49:12,185:INFO: Epoch no: 6 | Epoch progress(%): 86.43 | Avg train loss: 2.8636 | Acc: 97.8486 91.6689 | Validation loss prev epoch 2.3908 | ETA(s): 364
2019-06-04 02:49:58,358:INFO: Epoch no: 6 | Epoch progress(%): 88.16 | Avg train loss: 2.8583 | Acc: 98.0146 91.6592 | Validation loss prev epoch 2.3908 | ETA(s): 312
2019-06-04 02:50:44,700:INFO: Epoch no: 6 | Epoch progress(%): 89.89 | Avg train loss: 2.8583 | Acc: 97.9658 91.5332 | Validation loss prev epoch 2.3908 | ETA(s): 267
2019-06-04 02:51:31,265:INFO: Epoch no: 6 | Epoch progress(%): 91.61 | Avg train loss: 2.8551 | Acc: 97.9355 91.6709 | Validation loss prev epoch 2.3908 | ETA(s): 222
2019-06-04 02:52:17,039:INFO: Epoch no: 6 | Epoch progress(%): 93.34 | Avg train loss: 2.8478 | Acc: 97.9102 91.6318 | Validation loss prev epoch 2.3908 | ETA(s): 174
2019-06-04 02:53:02,656:INFO: Epoch no: 6 | Epoch progress(%): 95.07 | Avg train loss: 2.8705 | Acc: 97.8818 91.6914 | Validation loss prev epoch 2.3908 | ETA(s): 128
2019-06-04 02:53:49,508:INFO: Epoch no: 6 | Epoch progress(%): 96.80 | Avg train loss: 2.8640 | Acc: 97.8838 91.5283 | Validation loss prev epoch 2.3908 | ETA(s): 85
2019-06-04 02:54:36,190:INFO: Epoch no: 6 | Epoch progress(%): 98.53 | Avg train loss: 2.8523 | Acc: 97.9219 91.7832 | Validation loss prev epoch 2.3908 | ETA(s): 39
2019-06-04 02:55:14,917:INFO: Epoch 6 complete. Calculating validation loss...
2019-06-04 03:06:51,287:INFO: Validation loss : 2.4707 | Val Acc: 98.1809 89.4858
2019-06-04 03:06:51,360:INFO: Epoch 7/8
2019-06-04 03:07:42,172:INFO: Epoch no: 7 | Epoch progress(%): 1.71 | Avg train loss: 2.8638 | Acc: 97.9600 91.6602 | Validation loss prev epoch 2.4707 | ETA(s): 2678
2019-06-04 03:08:28,353:INFO: Epoch no: 7 | Epoch progress(%): 3.44 | Avg train loss: 2.8550 | Acc: 97.9502 91.8086 | Validation loss prev epoch 2.4707 | ETA(s): 2545
2019-06-04 03:09:14,514:INFO: Epoch no: 7 | Epoch progress(%): 5.17 | Avg train loss: 2.8593 | Acc: 97.8613 91.8428 | Validation loss prev epoch 2.4707 | ETA(s): 2497
2019-06-04 03:10:00,856:INFO: Epoch no: 7 | Epoch progress(%): 6.90 | Avg train loss: 2.8618 | Acc: 97.9170 91.7393 | Validation loss prev epoch 2.4707 | ETA(s): 2463
2019-06-04 03:10:47,712:INFO: Epoch no: 7 | Epoch progress(%): 8.63 | Avg train loss: 2.8558 | Acc: 97.9502 91.9229 | Validation loss prev epoch 2.4707 | ETA(s): 2444
2019-06-04 03:11:34,123:INFO: Epoch no: 7 | Epoch progress(%): 10.36 | Avg train loss: 2.8651 | Acc: 97.9990 91.8018 | Validation loss prev epoch 2.4707 | ETA(s): 2375
2019-06-04 03:12:19,613:INFO: Epoch no: 7 | Epoch progress(%): 12.08 | Avg train loss: 2.8436 | Acc: 97.9170 91.8105 | Validation loss prev epoch 2.4707 | ETA(s): 2282
2019-06-04 03:13:06,170:INFO: Epoch no: 7 | Epoch progress(%): 13.81 | Avg train loss: 2.8634 | Acc: 97.9756 91.6592 | Validation loss prev epoch 2.4707 | ETA(s): 2290
2019-06-04 03:13:52,641:INFO: Epoch no: 7 | Epoch progress(%): 15.54 | Avg train loss: 2.8499 | Acc: 97.9824 91.7314 | Validation loss prev epoch 2.4707 | ETA(s): 2240
2019-06-04 03:14:38,611:INFO: Epoch no: 7 | Epoch progress(%): 17.27 | Avg train loss: 2.8434 | Acc: 97.9834 91.7217 | Validation loss prev epoch 2.4707 | ETA(s): 2170
2019-06-04 03:15:24,928:INFO: Epoch no: 7 | Epoch progress(%): 19.00 | Avg train loss: 2.8545 | Acc: 97.8896 91.6777 | Validation loss prev epoch 2.4707 | ETA(s): 2141
2019-06-04 03:16:11,242:INFO: Epoch no: 7 | Epoch progress(%): 20.73 | Avg train loss: 2.8599 | Acc: 97.9971 91.6025 | Validation loss prev epoch 2.4707 | ETA(s): 2095
2019-06-04 03:16:57,242:INFO: Epoch no: 7 | Epoch progress(%): 22.46 | Avg train loss: 2.8566 | Acc: 97.9189 91.7930 | Validation loss prev epoch 2.4707 | ETA(s): 2037
2019-06-04 03:17:43,233:INFO: Epoch no: 7 | Epoch progress(%): 24.19 | Avg train loss: 2.8598 | Acc: 97.8379 91.6592 | Validation loss prev epoch 2.4707 | ETA(s): 1990
2019-06-04 03:18:29,709:INFO: Epoch no: 7 | Epoch progress(%): 25.92 | Avg train loss: 2.8496 | Acc: 97.9697 91.7812 | Validation loss prev epoch 2.4707 | ETA(s): 1965
2019-06-04 03:19:15,878:INFO: Epoch no: 7 | Epoch progress(%): 27.64 | Avg train loss: 2.8482 | Acc: 97.9570 91.7461 | Validation loss prev epoch 2.4707 | ETA(s): 1906
2019-06-04 03:20:02,649:INFO: Epoch no: 7 | Epoch progress(%): 29.37 | Avg train loss: 2.8544 | Acc: 97.9707 91.6836 | Validation loss prev epoch 2.4707 | ETA(s): 1885
2019-06-04 03:20:48,749:INFO: Epoch no: 7 | Epoch progress(%): 31.10 | Avg train loss: 2.8541 | Acc: 97.9121 91.6055 | Validation loss prev epoch 2.4707 | ETA(s): 1813
2019-06-04 03:21:35,045:INFO: Epoch no: 7 | Epoch progress(%): 32.83 | Avg train loss: 2.8420 | Acc: 97.9424 91.8477 | Validation loss prev epoch 2.4707 | ETA(s): 1775
2019-06-04 03:22:21,684:INFO: Epoch no: 7 | Epoch progress(%): 34.56 | Avg train loss: 2.8450 | Acc: 97.9482 91.7451 | Validation loss prev epoch 2.4707 | ETA(s): 1742
2019-06-04 03:23:08,043:INFO: Epoch no: 7 | Epoch progress(%): 36.29 | Avg train loss: 2.8640 | Acc: 98.0186 91.7344 | Validation loss prev epoch 2.4707 | ETA(s): 1685
2019-06-04 03:23:54,750:INFO: Epoch no: 7 | Epoch progress(%): 38.02 | Avg train loss: 2.8551 | Acc: 97.9502 91.9307 | Validation loss prev epoch 2.4707 | ETA(s): 1652
2019-06-04 03:24:41,743:INFO: Epoch no: 7 | Epoch progress(%): 39.75 | Avg train loss: 2.8432 | Acc: 97.9473 91.5732 | Validation loss prev epoch 2.4707 | ETA(s): 1616
2019-06-04 03:25:28,449:INFO: Epoch no: 7 | Epoch progress(%): 41.48 | Avg train loss: 2.8563 | Acc: 98.0068 91.7627 | Validation loss prev epoch 2.4707 | ETA(s): 1560
2019-06-04 03:26:15,266:INFO: Epoch no: 7 | Epoch progress(%): 43.21 | Avg train loss: 2.8512 | Acc: 97.9951 91.7275 | Validation loss prev epoch 2.4707 | ETA(s): 1517
2019-06-04 03:27:01,543:INFO: Epoch no: 7 | Epoch progress(%): 44.93 | Avg train loss: 2.8581 | Acc: 97.8975 91.7949 | Validation loss prev epoch 2.4707 | ETA(s): 1454
2019-06-04 03:27:47,880:INFO: Epoch no: 7 | Epoch progress(%): 46.66 | Avg train loss: 2.8621 | Acc: 97.9199 91.7471 | Validation loss prev epoch 2.4707 | ETA(s): 1410
2019-06-04 03:28:33,898:INFO: Epoch no: 7 | Epoch progress(%): 48.39 | Avg train loss: 2.8606 | Acc: 97.9121 91.6807 | Validation loss prev epoch 2.4707 | ETA(s): 1355
2019-06-04 03:29:20,273:INFO: Epoch no: 7 | Epoch progress(%): 50.12 | Avg train loss: 2.8442 | Acc: 97.8994 91.8477 | Validation loss prev epoch 2.4707 | ETA(s): 1320
2019-06-04 03:30:06,631:INFO: Epoch no: 7 | Epoch progress(%): 51.85 | Avg train loss: 2.8496 | Acc: 97.9961 91.7939 | Validation loss prev epoch 2.4707 | ETA(s): 1274
2019-06-04 03:30:52,719:INFO: Epoch no: 7 | Epoch progress(%): 53.58 | Avg train loss: 2.8503 | Acc: 97.9482 91.7881 | Validation loss prev epoch 2.4707 | ETA(s): 1221
2019-06-04 03:31:39,072:INFO: Epoch no: 7 | Epoch progress(%): 55.31 | Avg train loss: 2.8474 | Acc: 98.0840 91.7119 | Validation loss prev epoch 2.4707 | ETA(s): 1182
2019-06-04 03:32:24,956:INFO: Epoch no: 7 | Epoch progress(%): 57.04 | Avg train loss: 2.8652 | Acc: 97.8047 91.6592 | Validation loss prev epoch 2.4707 | ETA(s): 1124
2019-06-04 03:33:11,133:INFO: Epoch no: 7 | Epoch progress(%): 58.77 | Avg train loss: 2.8418 | Acc: 97.9580 91.6650 | Validation loss prev epoch 2.4707 | ETA(s): 1086
2019-06-04 03:33:58,024:INFO: Epoch no: 7 | Epoch progress(%): 60.49 | Avg train loss: 2.8608 | Acc: 97.9043 91.7422 | Validation loss prev epoch 2.4707 | ETA(s): 1057
2019-06-04 03:34:44,510:INFO: Epoch no: 7 | Epoch progress(%): 62.22 | Avg train loss: 2.8610 | Acc: 97.9160 91.5254 | Validation loss prev epoch 2.4707 | ETA(s): 1002
2019-06-04 03:35:31,312:INFO: Epoch no: 7 | Epoch progress(%): 63.95 | Avg train loss: 2.8626 | Acc: 97.8887 91.7373 | Validation loss prev epoch 2.4707 | ETA(s): 963
2019-06-04 03:36:17,352:INFO: Epoch no: 7 | Epoch progress(%): 65.68 | Avg train loss: 2.8474 | Acc: 97.9609 91.7480 | Validation loss prev epoch 2.4707 | ETA(s): 902
2019-06-04 03:37:03,522:INFO: Epoch no: 7 | Epoch progress(%): 67.41 | Avg train loss: 2.8469 | Acc: 97.9863 91.7109 | Validation loss prev epoch 2.4707 | ETA(s): 858
2019-06-04 03:37:50,122:INFO: Epoch no: 7 | Epoch progress(%): 69.14 | Avg train loss: 2.8485 | Acc: 97.8779 91.6836 | Validation loss prev epoch 2.4707 | ETA(s): 821
2019-06-04 03:38:36,639:INFO: Epoch no: 7 | Epoch progress(%): 70.87 | Avg train loss: 2.8542 | Acc: 97.9990 91.8516 | Validation loss prev epoch 2.4707 | ETA(s): 773
2019-06-04 03:39:23,361:INFO: Epoch no: 7 | Epoch progress(%): 72.60 | Avg train loss: 2.8581 | Acc: 97.9062 91.7607 | Validation loss prev epoch 2.4707 | ETA(s): 730
2019-06-04 03:40:09,897:INFO: Epoch no: 7 | Epoch progress(%): 74.33 | Avg train loss: 2.8608 | Acc: 97.9463 91.7070 | Validation loss prev epoch 2.4707 | ETA(s): 682
2019-06-04 03:40:55,967:INFO: Epoch no: 7 | Epoch progress(%): 76.05 | Avg train loss: 2.8549 | Acc: 97.9473 91.6738 | Validation loss prev epoch 2.4707 | ETA(s): 629
2019-06-04 03:41:42,735:INFO: Epoch no: 7 | Epoch progress(%): 77.78 | Avg train loss: 2.8534 | Acc: 97.9316 91.7188 | Validation loss prev epoch 2.4707 | ETA(s): 593
2019-06-04 03:42:29,171:INFO: Epoch no: 7 | Epoch progress(%): 79.51 | Avg train loss: 2.8458 | Acc: 97.9248 91.8477 | Validation loss prev epoch 2.4707 | ETA(s): 543
2019-06-04 03:43:15,397:INFO: Epoch no: 7 | Epoch progress(%): 81.24 | Avg train loss: 2.8648 | Acc: 97.9648 91.7656 | Validation loss prev epoch 2.4707 | ETA(s): 495
2019-06-04 03:44:02,351:INFO: Epoch no: 7 | Epoch progress(%): 82.97 | Avg train loss: 2.8593 | Acc: 97.9551 91.6406 | Validation loss prev epoch 2.4707 | ETA(s): 456
2019-06-04 03:44:49,004:INFO: Epoch no: 7 | Epoch progress(%): 84.70 | Avg train loss: 2.8475 | Acc: 97.9424 91.7900 | Validation loss prev epoch 2.4707 | ETA(s): 407
2019-06-04 03:45:35,209:INFO: Epoch no: 7 | Epoch progress(%): 86.43 | Avg train loss: 2.8306 | Acc: 97.9443 91.8086 | Validation loss prev epoch 2.4707 | ETA(s): 357
2019-06-04 03:46:22,208:INFO: Epoch no: 7 | Epoch progress(%): 88.16 | Avg train loss: 2.8456 | Acc: 97.9482 91.6367 | Validation loss prev epoch 2.4707 | ETA(s): 317
2019-06-04 03:47:09,079:INFO: Epoch no: 7 | Epoch progress(%): 89.89 | Avg train loss: 2.8500 | Acc: 97.9326 91.9365 | Validation loss prev epoch 2.4707 | ETA(s): 270
2019-06-04 03:47:55,264:INFO: Epoch no: 7 | Epoch progress(%): 91.61 | Avg train loss: 2.8488 | Acc: 97.7920 91.7324 | Validation loss prev epoch 2.4707 | ETA(s): 221
2019-06-04 03:48:41,392:INFO: Epoch no: 7 | Epoch progress(%): 93.34 | Avg train loss: 2.8383 | Acc: 97.9121 91.7168 | Validation loss prev epoch 2.4707 | ETA(s): 175
2019-06-04 03:49:27,534:INFO: Epoch no: 7 | Epoch progress(%): 95.07 | Avg train loss: 2.8472 | Acc: 97.9443 91.8018 | Validation loss prev epoch 2.4707 | ETA(s): 129
2019-06-04 03:50:13,623:INFO: Epoch no: 7 | Epoch progress(%): 96.80 | Avg train loss: 2.8446 | Acc: 97.9619 91.6123 | Validation loss prev epoch 2.4707 | ETA(s): 84
2019-06-04 03:50:59,902:INFO: Epoch no: 7 | Epoch progress(%): 98.53 | Avg train loss: 2.8573 | Acc: 97.9941 91.7461 | Validation loss prev epoch 2.4707 | ETA(s): 38
2019-06-04 03:51:38,349:INFO: Epoch 7 complete. Calculating validation loss...
2019-06-04 04:03:15,183:INFO: Validation loss : 2.4369 | Val Acc: 98.2399 89.1267
2019-06-04 04:03:15,258:INFO: Epoch 8/8
2019-06-04 04:04:06,298:INFO: Epoch no: 8 | Epoch progress(%): 1.71 | Avg train loss: 2.8597 | Acc: 97.9170 91.7441 | Validation loss prev epoch 2.4369 | ETA(s): 2688
2019-06-04 04:04:52,796:INFO: Epoch no: 8 | Epoch progress(%): 3.44 | Avg train loss: 2.8621 | Acc: 98.0059 91.8564 | Validation loss prev epoch 2.4369 | ETA(s): 2563
2019-06-04 04:05:38,883:INFO: Epoch no: 8 | Epoch progress(%): 5.17 | Avg train loss: 2.8562 | Acc: 97.9824 91.7598 | Validation loss prev epoch 2.4369 | ETA(s): 2495
2019-06-04 04:06:24,933:INFO: Epoch no: 8 | Epoch progress(%): 6.90 | Avg train loss: 2.8471 | Acc: 97.9766 91.7334 | Validation loss prev epoch 2.4369 | ETA(s): 2447
2019-06-04 04:07:11,037:INFO: Epoch no: 8 | Epoch progress(%): 8.63 | Avg train loss: 2.8554 | Acc: 97.9707 91.8154 | Validation loss prev epoch 2.4369 | ETA(s): 2405
2019-06-04 04:07:57,993:INFO: Epoch no: 8 | Epoch progress(%): 10.36 | Avg train loss: 2.8548 | Acc: 97.9902 91.6211 | Validation loss prev epoch 2.4369 | ETA(s): 2402
2019-06-04 04:08:44,182:INFO: Epoch no: 8 | Epoch progress(%): 12.08 | Avg train loss: 2.8384 | Acc: 97.9785 91.9150 | Validation loss prev epoch 2.4369 | ETA(s): 2319
2019-06-04 04:09:30,100:INFO: Epoch no: 8 | Epoch progress(%): 13.81 | Avg train loss: 2.8489 | Acc: 98.0215 91.7500 | Validation loss prev epoch 2.4369 | ETA(s): 2259
2019-06-04 04:10:16,480:INFO: Epoch no: 8 | Epoch progress(%): 15.54 | Avg train loss: 2.8347 | Acc: 97.9102 91.8145 | Validation loss prev epoch 2.4369 | ETA(s): 2236
2019-06-04 04:11:03,118:INFO: Epoch no: 8 | Epoch progress(%): 17.27 | Avg train loss: 2.8521 | Acc: 97.9590 91.7256 | Validation loss prev epoch 2.4369 | ETA(s): 2202
2019-06-04 04:11:48,988:INFO: Epoch no: 8 | Epoch progress(%): 19.00 | Avg train loss: 2.8465 | Acc: 97.9697 91.7852 | Validation loss prev epoch 2.4369 | ETA(s): 2121
2019-06-04 04:12:34,762:INFO: Epoch no: 8 | Epoch progress(%): 20.73 | Avg train loss: 2.8450 | Acc: 97.9717 91.9521 | Validation loss prev epoch 2.4369 | ETA(s): 2071
2019-06-04 04:13:21,129:INFO: Epoch no: 8 | Epoch progress(%): 22.46 | Avg train loss: 2.8473 | Acc: 97.9678 91.7627 | Validation loss prev epoch 2.4369 | ETA(s): 2052
2019-06-04 04:14:07,638:INFO: Epoch no: 8 | Epoch progress(%): 24.19 | Avg train loss: 2.8224 | Acc: 97.9912 91.8350 | Validation loss prev epoch 2.4369 | ETA(s): 2012
2019-06-04 04:14:53,938:INFO: Epoch no: 8 | Epoch progress(%): 25.92 | Avg train loss: 2.8486 | Acc: 97.8955 91.8291 | Validation loss prev epoch 2.4369 | ETA(s): 1957
2019-06-04 04:15:40,013:INFO: Epoch no: 8 | Epoch progress(%): 27.64 | Avg train loss: 2.8476 | Acc: 97.9170 91.7539 | Validation loss prev epoch 2.4369 | ETA(s): 1903
2019-06-04 04:16:26,298:INFO: Epoch no: 8 | Epoch progress(%): 29.37 | Avg train loss: 2.8414 | Acc: 98.0381 91.8086 | Validation loss prev epoch 2.4369 | ETA(s): 1865
2019-06-04 04:17:12,711:INFO: Epoch no: 8 | Epoch progress(%): 31.10 | Avg train loss: 2.8576 | Acc: 97.9336 91.6807 | Validation loss prev epoch 2.4369 | ETA(s): 1825
2019-06-04 04:17:58,906:INFO: Epoch no: 8 | Epoch progress(%): 32.83 | Avg train loss: 2.8503 | Acc: 98.0078 91.6787 | Validation loss prev epoch 2.4369 | ETA(s): 1771
2019-06-04 04:18:45,438:INFO: Epoch no: 8 | Epoch progress(%): 34.56 | Avg train loss: 2.8471 | Acc: 97.9473 91.8242 | Validation loss prev epoch 2.4369 | ETA(s): 1738
2019-06-04 04:19:31,795:INFO: Epoch no: 8 | Epoch progress(%): 36.29 | Avg train loss: 2.8361 | Acc: 97.9023 91.8096 | Validation loss prev epoch 2.4369 | ETA(s): 1686
2019-06-04 04:20:18,802:INFO: Epoch no: 8 | Epoch progress(%): 38.02 | Avg train loss: 2.8395 | Acc: 97.9941 91.7373 | Validation loss prev epoch 2.4369 | ETA(s): 1662
2019-06-04 04:21:04,927:INFO: Epoch no: 8 | Epoch progress(%): 39.75 | Avg train loss: 2.8321 | Acc: 97.9834 91.7861 | Validation loss prev epoch 2.4369 | ETA(s): 1586
2019-06-04 04:21:51,157:INFO: Epoch no: 8 | Epoch progress(%): 41.48 | Avg train loss: 2.8548 | Acc: 97.8809 91.7236 | Validation loss prev epoch 2.4369 | ETA(s): 1544
2019-06-04 04:22:36,956:INFO: Epoch no: 8 | Epoch progress(%): 43.21 | Avg train loss: 2.8361 | Acc: 97.9199 91.8779 | Validation loss prev epoch 2.4369 | ETA(s): 1485
2019-06-04 04:23:23,455:INFO: Epoch no: 8 | Epoch progress(%): 44.93 | Avg train loss: 2.8342 | Acc: 98.0088 91.8330 | Validation loss prev epoch 2.4369 | ETA(s): 1461
2019-06-04 04:24:10,418:INFO: Epoch no: 8 | Epoch progress(%): 46.66 | Avg train loss: 2.8370 | Acc: 98.0410 91.8984 | Validation loss prev epoch 2.4369 | ETA(s): 1430
2019-06-04 04:24:56,596:INFO: Epoch no: 8 | Epoch progress(%): 48.39 | Avg train loss: 2.8426 | Acc: 97.9521 91.8994 | Validation loss prev epoch 2.4369 | ETA(s): 1360
2019-06-04 04:25:43,000:INFO: Epoch no: 8 | Epoch progress(%): 50.12 | Avg train loss: 2.8436 | Acc: 97.9150 91.7803 | Validation loss prev epoch 2.4369 | ETA(s): 1320
2019-06-04 04:26:29,409:INFO: Epoch no: 8 | Epoch progress(%): 51.85 | Avg train loss: 2.8359 | Acc: 97.9502 91.8379 | Validation loss prev epoch 2.4369 | ETA(s): 1276
2019-06-04 04:27:15,282:INFO: Epoch no: 8 | Epoch progress(%): 53.58 | Avg train loss: 2.8366 | Acc: 97.9404 91.7461 | Validation loss prev epoch 2.4369 | ETA(s): 1215
2019-06-04 04:28:01,796:INFO: Epoch no: 8 | Epoch progress(%): 55.31 | Avg train loss: 2.8418 | Acc: 97.9629 91.9502 | Validation loss prev epoch 2.4369 | ETA(s): 1186
2019-06-04 04:28:48,080:INFO: Epoch no: 8 | Epoch progress(%): 57.04 | Avg train loss: 2.8524 | Acc: 98.0488 91.6357 | Validation loss prev epoch 2.4369 | ETA(s): 1134
2019-06-04 04:29:34,386:INFO: Epoch no: 8 | Epoch progress(%): 58.77 | Avg train loss: 2.8468 | Acc: 97.9893 91.7627 | Validation loss prev epoch 2.4369 | ETA(s): 1089
2019-06-04 04:30:21,503:INFO: Epoch no: 8 | Epoch progress(%): 60.49 | Avg train loss: 2.8421 | Acc: 97.9736 91.6494 | Validation loss prev epoch 2.4369 | ETA(s): 1062
2019-06-04 04:31:07,926:INFO: Epoch no: 8 | Epoch progress(%): 62.22 | Avg train loss: 2.8454 | Acc: 97.9170 91.7959 | Validation loss prev epoch 2.4369 | ETA(s): 1000
2019-06-04 04:31:54,056:INFO: Epoch no: 8 | Epoch progress(%): 63.95 | Avg train loss: 2.8477 | Acc: 97.9746 91.8027 | Validation loss prev epoch 2.4369 | ETA(s): 949
2019-06-04 04:32:40,733:INFO: Epoch no: 8 | Epoch progress(%): 65.68 | Avg train loss: 2.8575 | Acc: 97.8965 91.8271 | Validation loss prev epoch 2.4369 | ETA(s): 914
2019-06-04 04:33:27,072:INFO: Epoch no: 8 | Epoch progress(%): 67.41 | Avg train loss: 2.8382 | Acc: 97.8848 91.6602 | Validation loss prev epoch 2.4369 | ETA(s): 862
2019-06-04 04:34:13,785:INFO: Epoch no: 8 | Epoch progress(%): 69.14 | Avg train loss: 2.8532 | Acc: 98.0586 91.7129 | Validation loss prev epoch 2.4369 | ETA(s): 822
2019-06-04 04:35:00,138:INFO: Epoch no: 8 | Epoch progress(%): 70.87 | Avg train loss: 2.8484 | Acc: 97.8916 91.6777 | Validation loss prev epoch 2.4369 | ETA(s): 770
2019-06-04 04:35:46,297:INFO: Epoch no: 8 | Epoch progress(%): 72.60 | Avg train loss: 2.8474 | Acc: 98.0020 91.7881 | Validation loss prev epoch 2.4369 | ETA(s): 721
2019-06-04 04:36:32,440:INFO: Epoch no: 8 | Epoch progress(%): 74.33 | Avg train loss: 2.8585 | Acc: 97.9229 91.7197 | Validation loss prev epoch 2.4369 | ETA(s): 676
2019-06-04 04:37:18,793:INFO: Epoch no: 8 | Epoch progress(%): 76.05 | Avg train loss: 2.8371 | Acc: 98.0049 91.9297 | Validation loss prev epoch 2.4369 | ETA(s): 633
2019-06-04 04:38:05,683:INFO: Epoch no: 8 | Epoch progress(%): 77.78 | Avg train loss: 2.8269 | Acc: 97.9922 91.6436 | Validation loss prev epoch 2.4369 | ETA(s): 594
2019-06-04 04:38:51,607:INFO: Epoch no: 8 | Epoch progress(%): 79.51 | Avg train loss: 2.8503 | Acc: 97.9590 91.9385 | Validation loss prev epoch 2.4369 | ETA(s): 537
2019-06-04 04:39:38,184:INFO: Epoch no: 8 | Epoch progress(%): 81.24 | Avg train loss: 2.8333 | Acc: 98.0879 91.7441 | Validation loss prev epoch 2.4369 | ETA(s): 498
2019-06-04 04:40:24,320:INFO: Epoch no: 8 | Epoch progress(%): 82.97 | Avg train loss: 2.8439 | Acc: 97.8711 91.7246 | Validation loss prev epoch 2.4369 | ETA(s): 448
2019-06-04 04:41:10,574:INFO: Epoch no: 8 | Epoch progress(%): 84.70 | Avg train loss: 2.8432 | Acc: 98.0205 91.8730 | Validation loss prev epoch 2.4369 | ETA(s): 404
2019-06-04 04:41:56,889:INFO: Epoch no: 8 | Epoch progress(%): 86.43 | Avg train loss: 2.8469 | Acc: 98.0283 92.0830 | Validation loss prev epoch 2.4369 | ETA(s): 358
2019-06-04 04:42:43,366:INFO: Epoch no: 8 | Epoch progress(%): 88.16 | Avg train loss: 2.8447 | Acc: 97.9717 91.8486 | Validation loss prev epoch 2.4369 | ETA(s): 314
2019-06-04 04:43:29,912:INFO: Epoch no: 8 | Epoch progress(%): 89.89 | Avg train loss: 2.8342 | Acc: 97.9629 91.8896 | Validation loss prev epoch 2.4369 | ETA(s): 268
2019-06-04 04:44:16,605:INFO: Epoch no: 8 | Epoch progress(%): 91.61 | Avg train loss: 2.8569 | Acc: 97.9795 92.0518 | Validation loss prev epoch 2.4369 | ETA(s): 223
2019-06-04 04:45:02,784:INFO: Epoch no: 8 | Epoch progress(%): 93.34 | Avg train loss: 2.8400 | Acc: 98.0000 91.7744 | Validation loss prev epoch 2.4369 | ETA(s): 175
2019-06-04 04:45:49,456:INFO: Epoch no: 8 | Epoch progress(%): 95.07 | Avg train loss: 2.8524 | Acc: 97.9600 91.7578 | Validation loss prev epoch 2.4369 | ETA(s): 131
2019-06-04 04:46:35,835:INFO: Epoch no: 8 | Epoch progress(%): 96.80 | Avg train loss: 2.8316 | Acc: 97.9404 91.9971 | Validation loss prev epoch 2.4369 | ETA(s): 84
2019-06-04 04:47:22,233:INFO: Epoch no: 8 | Epoch progress(%): 98.53 | Avg train loss: 2.8397 | Acc: 97.9570 91.9082 | Validation loss prev epoch 2.4369 | ETA(s): 38
2019-06-04 04:48:01,052:INFO: Epoch 8 complete. Calculating validation loss...
2019-06-04 04:59:27,540:INFO: Validation loss : 2.3879 | Val Acc: 98.2249 89.3553
